mode: set
github.com/fgv-vis/fgv/go/ts-bcp47/pkg/bcp47/bcp47.go:10.80,13.16 2 1
github.com/fgv-vis/fgv/go/ts-bcp47/pkg/bcp47/bcp47.go:13.16,15.3 1 1
github.com/fgv-vis/fgv/go/ts-bcp47/pkg/bcp47/bcp47.go:17.2,18.16 2 1
github.com/fgv-vis/fgv/go/ts-bcp47/pkg/bcp47/bcp47.go:18.16,20.3 1 0
github.com/fgv-vis/fgv/go/ts-bcp47/pkg/bcp47/bcp47.go:23.2,24.37 2 1
github.com/fgv-vis/fgv/go/ts-bcp47/pkg/bcp47/bcp47.go:28.87,31.16 2 0
github.com/fgv-vis/fgv/go/ts-bcp47/pkg/bcp47/bcp47.go:31.16,33.3 1 0
github.com/fgv-vis/fgv/go/ts-bcp47/pkg/bcp47/bcp47.go:35.2,36.16 2 0
github.com/fgv-vis/fgv/go/ts-bcp47/pkg/bcp47/bcp47.go:36.16,38.3 1 0
github.com/fgv-vis/fgv/go/ts-bcp47/pkg/bcp47/bcp47.go:41.2,49.8 3 0
github.com/fgv-vis/fgv/go/ts-bcp47/pkg/bcp47/bcp47.go:62.42,67.2 1 1
github.com/fgv-vis/fgv/go/ts-bcp47/pkg/bcp47/bcp47.go:71.85,73.2 1 1
github.com/fgv-vis/fgv/go/ts-bcp47/pkg/bcp47/bcp47.go:76.122,79.30 2 1
github.com/fgv-vis/fgv/go/ts-bcp47/pkg/bcp47/bcp47.go:79.30,81.17 2 1
github.com/fgv-vis/fgv/go/ts-bcp47/pkg/bcp47/bcp47.go:81.17,83.4 1 0
github.com/fgv-vis/fgv/go/ts-bcp47/pkg/bcp47/bcp47.go:84.3,84.26 1 1
github.com/fgv-vis/fgv/go/ts-bcp47/pkg/bcp47/bcp47.go:88.2,89.32 2 1
github.com/fgv-vis/fgv/go/ts-bcp47/pkg/bcp47/bcp47.go:89.32,91.17 2 1
github.com/fgv-vis/fgv/go/ts-bcp47/pkg/bcp47/bcp47.go:91.17,93.4 1 0
github.com/fgv-vis/fgv/go/ts-bcp47/pkg/bcp47/bcp47.go:94.3,94.28 1 1
github.com/fgv-vis/fgv/go/ts-bcp47/pkg/bcp47/bcp47.go:98.2,107.45 4 1
github.com/fgv-vis/fgv/go/ts-bcp47/pkg/bcp47/bcp47.go:107.45,110.42 2 1
github.com/fgv-vis/fgv/go/ts-bcp47/pkg/bcp47/bcp47.go:110.42,112.25 2 1
github.com/fgv-vis/fgv/go/ts-bcp47/pkg/bcp47/bcp47.go:112.25,114.5 1 1
github.com/fgv-vis/fgv/go/ts-bcp47/pkg/bcp47/bcp47.go:118.3,118.43 1 1
github.com/fgv-vis/fgv/go/ts-bcp47/pkg/bcp47/bcp47.go:118.43,123.4 1 1
github.com/fgv-vis/fgv/go/ts-bcp47/pkg/bcp47/bcp47.go:127.2,127.42 1 1
github.com/fgv-vis/fgv/go/ts-bcp47/pkg/bcp47/bcp47.go:127.42,129.3 1 1
github.com/fgv-vis/fgv/go/ts-bcp47/pkg/bcp47/bcp47.go:132.2,132.71 1 1
github.com/fgv-vis/fgv/go/ts-bcp47/pkg/bcp47/bcp47.go:132.71,134.3 1 1
github.com/fgv-vis/fgv/go/ts-bcp47/pkg/bcp47/bcp47.go:137.2,138.32 2 1
github.com/fgv-vis/fgv/go/ts-bcp47/pkg/bcp47/bcp47.go:138.32,140.3 1 1
github.com/fgv-vis/fgv/go/ts-bcp47/pkg/bcp47/bcp47.go:142.2,142.20 1 1
github.com/fgv-vis/fgv/go/ts-bcp47/pkg/bcp47/bcp47.go:146.74,148.27 2 0
github.com/fgv-vis/fgv/go/ts-bcp47/pkg/bcp47/bcp47.go:148.27,150.17 2 0
github.com/fgv-vis/fgv/go/ts-bcp47/pkg/bcp47/bcp47.go:150.17,152.4 1 0
github.com/fgv-vis/fgv/go/ts-bcp47/pkg/bcp47/bcp47.go:153.3,153.21 1 0
github.com/fgv-vis/fgv/go/ts-bcp47/pkg/bcp47/bcp47.go:155.2,155.20 1 0
github.com/fgv-vis/fgv/go/ts-bcp47/pkg/bcp47/bcp47.go:159.36,162.2 2 1
github.com/fgv-vis/fgv/go/ts-bcp47/pkg/bcp47/bcp47.go:165.31,168.2 2 0
github.com/fgv-vis/fgv/go/ts-bcp47/pkg/bcp47/bcp47.go:171.39,174.2 2 0
github.com/fgv-vis/fgv/go/ts-bcp47/pkg/bcp47/bcp47.go:177.93,180.2 2 1
github.com/fgv-vis/fgv/go/ts-bcp47/pkg/bcp47/bcp47.go:183.71,185.2 1 0
github.com/fgv-vis/fgv/go/ts-bcp47/pkg/bcp47/bcp47.go:188.71,190.2 1 0
github.com/fgv-vis/fgv/go/ts-bcp47/pkg/bcp47/bcp47.go:193.50,195.16 2 1
github.com/fgv-vis/fgv/go/ts-bcp47/pkg/bcp47/bcp47.go:195.16,197.3 1 0
github.com/fgv-vis/fgv/go/ts-bcp47/pkg/bcp47/bcp47.go:199.2,199.28 1 1
github.com/fgv-vis/fgv/go/ts-bcp47/pkg/bcp47/bcp47.go:199.28,201.3 1 0
github.com/fgv-vis/fgv/go/ts-bcp47/pkg/bcp47/bcp47.go:203.2,203.44 1 1
github.com/fgv-vis/fgv/go/ts-bcp47/pkg/bcp47/bcp47.go:207.48,209.16 2 1
github.com/fgv-vis/fgv/go/ts-bcp47/pkg/bcp47/bcp47.go:209.16,211.3 1 0
github.com/fgv-vis/fgv/go/ts-bcp47/pkg/bcp47/bcp47.go:213.2,213.35 1 1
github.com/fgv-vis/fgv/go/ts-bcp47/pkg/bcp47/bcp47.go:217.48,219.16 2 1
github.com/fgv-vis/fgv/go/ts-bcp47/pkg/bcp47/bcp47.go:219.16,221.3 1 0
github.com/fgv-vis/fgv/go/ts-bcp47/pkg/bcp47/bcp47.go:223.2,223.35 1 1
github.com/fgv-vis/fgv/go/ts-bcp47/pkg/bcp47/bcp47.go:227.33,229.16 2 1
github.com/fgv-vis/fgv/go/ts-bcp47/pkg/bcp47/bcp47.go:229.16,231.3 1 0
github.com/fgv-vis/fgv/go/ts-bcp47/pkg/bcp47/bcp47.go:233.2,233.35 1 1
github.com/fgv-vis/fgv/go/ts-bcp47/pkg/bcp47/bcp47.go:237.33,239.16 2 1
github.com/fgv-vis/fgv/go/ts-bcp47/pkg/bcp47/bcp47.go:239.16,241.3 1 0
github.com/fgv-vis/fgv/go/ts-bcp47/pkg/bcp47/bcp47.go:243.2,243.35 1 1
github.com/fgv-vis/fgv/go/ts-bcp47/pkg/bcp47/bcp47.go:247.38,249.16 2 1
github.com/fgv-vis/fgv/go/ts-bcp47/pkg/bcp47/bcp47.go:249.16,251.3 1 0
github.com/fgv-vis/fgv/go/ts-bcp47/pkg/bcp47/bcp47.go:253.2,253.30 1 1
github.com/fgv-vis/fgv/go/ts-bcp47/pkg/bcp47/bcp47.go:257.94,259.16 2 1
github.com/fgv-vis/fgv/go/ts-bcp47/pkg/bcp47/bcp47.go:259.16,261.3 1 0
github.com/fgv-vis/fgv/go/ts-bcp47/pkg/bcp47/bcp47.go:263.2,263.35 1 1
github.com/fgv-vis/fgv/go/ts-bcp47/pkg/bcp47/bcp47.go:267.69,269.2 1 1
github.com/fgv-vis/fgv/go/ts-bcp47/pkg/bcp47/bcp47.go:272.68,274.2 1 0
github.com/fgv-vis/fgv/go/ts-bcp47/pkg/bcp47/bcp47.go:277.67,279.16 2 1
github.com/fgv-vis/fgv/go/ts-bcp47/pkg/bcp47/bcp47.go:279.16,281.3 1 0
github.com/fgv-vis/fgv/go/ts-bcp47/pkg/bcp47/bcp47.go:283.2,283.36 1 1
github.com/fgv-vis/fgv/go/ts-bcp47/pkg/bcp47/bcp47.go:287.76,291.16 3 0
github.com/fgv-vis/fgv/go/ts-bcp47/pkg/bcp47/bcp47.go:291.16,293.3 1 0
github.com/fgv-vis/fgv/go/ts-bcp47/pkg/bcp47/bcp47.go:295.2,296.16 2 0
github.com/fgv-vis/fgv/go/ts-bcp47/pkg/bcp47/bcp47.go:296.16,298.3 1 0
github.com/fgv-vis/fgv/go/ts-bcp47/pkg/bcp47/bcp47.go:300.2,300.53 1 0
github.com/fgv-vis/fgv/go/ts-bcp47/pkg/bcp47/bcp47.go:304.92,307.27 2 1
github.com/fgv-vis/fgv/go/ts-bcp47/pkg/bcp47/bcp47.go:307.27,309.17 2 1
github.com/fgv-vis/fgv/go/ts-bcp47/pkg/bcp47/bcp47.go:309.17,310.12 1 0
github.com/fgv-vis/fgv/go/ts-bcp47/pkg/bcp47/bcp47.go:313.3,313.66 1 1
github.com/fgv-vis/fgv/go/ts-bcp47/pkg/bcp47/bcp47.go:313.66,315.4 1 1
github.com/fgv-vis/fgv/go/ts-bcp47/pkg/bcp47/bcp47.go:318.2,318.20 1 1
github.com/fgv-vis/fgv/go/ts-bcp47/pkg/bcp47/bcp47.go:322.88,325.27 2 0
github.com/fgv-vis/fgv/go/ts-bcp47/pkg/bcp47/bcp47.go:325.27,327.17 2 0
github.com/fgv-vis/fgv/go/ts-bcp47/pkg/bcp47/bcp47.go:327.17,328.12 1 0
github.com/fgv-vis/fgv/go/ts-bcp47/pkg/bcp47/bcp47.go:331.3,331.55 1 0
github.com/fgv-vis/fgv/go/ts-bcp47/pkg/bcp47/bcp47.go:331.55,333.4 1 0
github.com/fgv-vis/fgv/go/ts-bcp47/pkg/bcp47/bcp47.go:336.2,336.20 1 0
github.com/fgv-vis/fgv/go/ts-bcp47/pkg/bcp47/bcp47.go:340.80,343.27 2 1
github.com/fgv-vis/fgv/go/ts-bcp47/pkg/bcp47/bcp47.go:343.27,345.17 2 1
github.com/fgv-vis/fgv/go/ts-bcp47/pkg/bcp47/bcp47.go:345.17,346.12 1 0
github.com/fgv-vis/fgv/go/ts-bcp47/pkg/bcp47/bcp47.go:349.3,349.43 1 1
github.com/fgv-vis/fgv/go/ts-bcp47/pkg/bcp47/bcp47.go:349.43,351.4 1 1
github.com/fgv-vis/fgv/go/ts-bcp47/pkg/bcp47/bcp47.go:355.2,356.32 2 1
github.com/fgv-vis/fgv/go/ts-bcp47/pkg/bcp47/bcp47.go:356.32,358.3 1 1
github.com/fgv-vis/fgv/go/ts-bcp47/pkg/bcp47/bcp47.go:360.2,361.23 2 1
github.com/fgv-vis/fgv/go/ts-bcp47/pkg/bcp47/bcp47.go:365.78,368.27 2 0
github.com/fgv-vis/fgv/go/ts-bcp47/pkg/bcp47/bcp47.go:368.27,370.17 2 0
github.com/fgv-vis/fgv/go/ts-bcp47/pkg/bcp47/bcp47.go:370.17,371.12 1 0
github.com/fgv-vis/fgv/go/ts-bcp47/pkg/bcp47/bcp47.go:374.3,374.34 1 0
github.com/fgv-vis/fgv/go/ts-bcp47/pkg/bcp47/bcp47.go:374.34,376.4 1 0
github.com/fgv-vis/fgv/go/ts-bcp47/pkg/bcp47/bcp47.go:380.2,381.32 2 0
github.com/fgv-vis/fgv/go/ts-bcp47/pkg/bcp47/bcp47.go:381.32,383.3 1 0
github.com/fgv-vis/fgv/go/ts-bcp47/pkg/bcp47/bcp47.go:385.2,386.21 2 0
github.com/fgv-vis/fgv/go/ts-bcp47/pkg/bcp47/matcher.go:14.48,18.2 1 1
github.com/fgv-vis/fgv/go/ts-bcp47/pkg/bcp47/matcher.go:22.77,24.50 1 1
github.com/fgv-vis/fgv/go/ts-bcp47/pkg/bcp47/matcher.go:24.50,25.44 1 1
github.com/fgv-vis/fgv/go/ts-bcp47/pkg/bcp47/matcher.go:25.44,27.4 1 1
github.com/fgv-vis/fgv/go/ts-bcp47/pkg/bcp47/matcher.go:28.3,28.24 1 1
github.com/fgv-vis/fgv/go/ts-bcp47/pkg/bcp47/matcher.go:32.2,32.78 1 1
github.com/fgv-vis/fgv/go/ts-bcp47/pkg/bcp47/matcher.go:32.78,33.44 1 0
github.com/fgv-vis/fgv/go/ts-bcp47/pkg/bcp47/matcher.go:33.44,35.4 1 0
github.com/fgv-vis/fgv/go/ts-bcp47/pkg/bcp47/matcher.go:36.3,36.24 1 0
github.com/fgv-vis/fgv/go/ts-bcp47/pkg/bcp47/matcher.go:40.2,43.30 2 1
github.com/fgv-vis/fgv/go/ts-bcp47/pkg/bcp47/matcher.go:43.30,45.3 1 1
github.com/fgv-vis/fgv/go/ts-bcp47/pkg/bcp47/matcher.go:47.2,47.30 1 1
github.com/fgv-vis/fgv/go/ts-bcp47/pkg/bcp47/matcher.go:47.30,49.3 1 1
github.com/fgv-vis/fgv/go/ts-bcp47/pkg/bcp47/matcher.go:51.2,51.30 1 1
github.com/fgv-vis/fgv/go/ts-bcp47/pkg/bcp47/matcher.go:51.30,53.3 1 1
github.com/fgv-vis/fgv/go/ts-bcp47/pkg/bcp47/matcher.go:55.2,55.30 1 1
github.com/fgv-vis/fgv/go/ts-bcp47/pkg/bcp47/matcher.go:55.30,57.3 1 1
github.com/fgv-vis/fgv/go/ts-bcp47/pkg/bcp47/matcher.go:59.2,59.30 1 1
github.com/fgv-vis/fgv/go/ts-bcp47/pkg/bcp47/matcher.go:59.30,61.3 1 1
github.com/fgv-vis/fgv/go/ts-bcp47/pkg/bcp47/matcher.go:63.2,63.30 1 1
github.com/fgv-vis/fgv/go/ts-bcp47/pkg/bcp47/matcher.go:63.30,65.3 1 1
github.com/fgv-vis/fgv/go/ts-bcp47/pkg/bcp47/matcher.go:67.2,67.16 1 1
github.com/fgv-vis/fgv/go/ts-bcp47/pkg/bcp47/matcher.go:71.92,75.20 3 1
github.com/fgv-vis/fgv/go/ts-bcp47/pkg/bcp47/matcher.go:75.20,77.3 1 1
github.com/fgv-vis/fgv/go/ts-bcp47/pkg/bcp47/matcher.go:80.2,80.48 1 1
github.com/fgv-vis/fgv/go/ts-bcp47/pkg/bcp47/matcher.go:80.48,82.3 1 1
github.com/fgv-vis/fgv/go/ts-bcp47/pkg/bcp47/matcher.go:86.2,86.23 1 1
github.com/fgv-vis/fgv/go/ts-bcp47/pkg/bcp47/matcher.go:90.84,95.38 3 1
github.com/fgv-vis/fgv/go/ts-bcp47/pkg/bcp47/matcher.go:95.38,97.3 1 0
github.com/fgv-vis/fgv/go/ts-bcp47/pkg/bcp47/matcher.go:100.2,100.38 1 1
github.com/fgv-vis/fgv/go/ts-bcp47/pkg/bcp47/matcher.go:100.38,101.69 1 0
github.com/fgv-vis/fgv/go/ts-bcp47/pkg/bcp47/matcher.go:101.69,103.4 1 0
github.com/fgv-vis/fgv/go/ts-bcp47/pkg/bcp47/matcher.go:106.2,106.24 1 1
github.com/fgv-vis/fgv/go/ts-bcp47/pkg/bcp47/matcher.go:110.83,115.36 3 1
github.com/fgv-vis/fgv/go/ts-bcp47/pkg/bcp47/matcher.go:115.36,116.42 1 1
github.com/fgv-vis/fgv/go/ts-bcp47/pkg/bcp47/matcher.go:116.42,118.4 1 1
github.com/fgv-vis/fgv/go/ts-bcp47/pkg/bcp47/matcher.go:119.3,119.24 1 1
github.com/fgv-vis/fgv/go/ts-bcp47/pkg/bcp47/matcher.go:126.2,126.24 1 1
github.com/fgv-vis/fgv/go/ts-bcp47/pkg/bcp47/matcher.go:130.83,135.36 3 1
github.com/fgv-vis/fgv/go/ts-bcp47/pkg/bcp47/matcher.go:135.36,136.42 1 1
github.com/fgv-vis/fgv/go/ts-bcp47/pkg/bcp47/matcher.go:136.42,138.4 1 1
github.com/fgv-vis/fgv/go/ts-bcp47/pkg/bcp47/matcher.go:141.3,141.46 1 1
github.com/fgv-vis/fgv/go/ts-bcp47/pkg/bcp47/matcher.go:141.46,143.4 1 1
github.com/fgv-vis/fgv/go/ts-bcp47/pkg/bcp47/matcher.go:146.3,146.45 1 1
github.com/fgv-vis/fgv/go/ts-bcp47/pkg/bcp47/matcher.go:146.45,148.4 1 1
github.com/fgv-vis/fgv/go/ts-bcp47/pkg/bcp47/matcher.go:150.3,150.24 1 1
github.com/fgv-vis/fgv/go/ts-bcp47/pkg/bcp47/matcher.go:154.2,154.40 1 1
github.com/fgv-vis/fgv/go/ts-bcp47/pkg/bcp47/matcher.go:154.40,156.3 1 1
github.com/fgv-vis/fgv/go/ts-bcp47/pkg/bcp47/matcher.go:159.2,159.24 1 1
github.com/fgv-vis/fgv/go/ts-bcp47/pkg/bcp47/matcher.go:163.85,168.48 3 1
github.com/fgv-vis/fgv/go/ts-bcp47/pkg/bcp47/matcher.go:168.48,170.3 1 1
github.com/fgv-vis/fgv/go/ts-bcp47/pkg/bcp47/matcher.go:173.2,173.48 1 1
github.com/fgv-vis/fgv/go/ts-bcp47/pkg/bcp47/matcher.go:173.48,175.3 1 1
github.com/fgv-vis/fgv/go/ts-bcp47/pkg/bcp47/matcher.go:178.2,178.38 1 0
github.com/fgv-vis/fgv/go/ts-bcp47/pkg/bcp47/matcher.go:178.38,180.3 1 0
github.com/fgv-vis/fgv/go/ts-bcp47/pkg/bcp47/matcher.go:183.2,184.30 2 0
github.com/fgv-vis/fgv/go/ts-bcp47/pkg/bcp47/matcher.go:184.30,186.3 1 0
github.com/fgv-vis/fgv/go/ts-bcp47/pkg/bcp47/matcher.go:188.2,189.30 2 0
github.com/fgv-vis/fgv/go/ts-bcp47/pkg/bcp47/matcher.go:189.30,191.3 1 0
github.com/fgv-vis/fgv/go/ts-bcp47/pkg/bcp47/matcher.go:194.2,194.28 1 0
github.com/fgv-vis/fgv/go/ts-bcp47/pkg/bcp47/matcher.go:194.28,196.3 1 0
github.com/fgv-vis/fgv/go/ts-bcp47/pkg/bcp47/matcher.go:198.2,198.22 1 0
github.com/fgv-vis/fgv/go/ts-bcp47/pkg/bcp47/matcher.go:198.22,199.15 1 0
github.com/fgv-vis/fgv/go/ts-bcp47/pkg/bcp47/matcher.go:199.15,201.4 1 0
github.com/fgv-vis/fgv/go/ts-bcp47/pkg/bcp47/matcher.go:204.2,204.24 1 0
github.com/fgv-vis/fgv/go/ts-bcp47/pkg/bcp47/matcher.go:208.87,213.38 3 1
github.com/fgv-vis/fgv/go/ts-bcp47/pkg/bcp47/matcher.go:213.38,215.3 1 1
github.com/fgv-vis/fgv/go/ts-bcp47/pkg/bcp47/matcher.go:218.2,218.38 1 1
github.com/fgv-vis/fgv/go/ts-bcp47/pkg/bcp47/matcher.go:218.38,221.3 2 1
github.com/fgv-vis/fgv/go/ts-bcp47/pkg/bcp47/matcher.go:224.2,228.30 3 0
github.com/fgv-vis/fgv/go/ts-bcp47/pkg/bcp47/matcher.go:228.30,230.3 1 0
github.com/fgv-vis/fgv/go/ts-bcp47/pkg/bcp47/matcher.go:231.2,231.30 1 0
github.com/fgv-vis/fgv/go/ts-bcp47/pkg/bcp47/matcher.go:231.30,233.3 1 0
github.com/fgv-vis/fgv/go/ts-bcp47/pkg/bcp47/matcher.go:236.2,236.39 1 0
github.com/fgv-vis/fgv/go/ts-bcp47/pkg/bcp47/matcher.go:236.39,240.27 3 0
github.com/fgv-vis/fgv/go/ts-bcp47/pkg/bcp47/matcher.go:240.27,243.12 2 0
github.com/fgv-vis/fgv/go/ts-bcp47/pkg/bcp47/matcher.go:247.3,247.45 1 0
github.com/fgv-vis/fgv/go/ts-bcp47/pkg/bcp47/matcher.go:247.45,249.4 1 0
github.com/fgv-vis/fgv/go/ts-bcp47/pkg/bcp47/matcher.go:252.2,253.15 2 0
github.com/fgv-vis/fgv/go/ts-bcp47/pkg/bcp47/matcher.go:253.15,255.3 1 0
github.com/fgv-vis/fgv/go/ts-bcp47/pkg/bcp47/matcher.go:257.2,257.31 1 0
github.com/fgv-vis/fgv/go/ts-bcp47/pkg/bcp47/matcher.go:261.87,266.46 3 1
github.com/fgv-vis/fgv/go/ts-bcp47/pkg/bcp47/matcher.go:266.46,268.3 1 1
github.com/fgv-vis/fgv/go/ts-bcp47/pkg/bcp47/matcher.go:271.2,271.46 1 1
github.com/fgv-vis/fgv/go/ts-bcp47/pkg/bcp47/matcher.go:271.46,274.3 2 1
github.com/fgv-vis/fgv/go/ts-bcp47/pkg/bcp47/matcher.go:277.2,277.43 1 0
github.com/fgv-vis/fgv/go/ts-bcp47/pkg/bcp47/matcher.go:277.43,279.3 1 0
github.com/fgv-vis/fgv/go/ts-bcp47/pkg/bcp47/matcher.go:282.2,284.15 3 0
github.com/fgv-vis/fgv/go/ts-bcp47/pkg/bcp47/matcher.go:284.15,286.3 1 0
github.com/fgv-vis/fgv/go/ts-bcp47/pkg/bcp47/matcher.go:288.2,288.31 1 0
github.com/fgv-vis/fgv/go/ts-bcp47/pkg/bcp47/matcher.go:292.79,303.56 2 1
github.com/fgv-vis/fgv/go/ts-bcp47/pkg/bcp47/matcher.go:303.56,304.37 1 1
github.com/fgv-vis/fgv/go/ts-bcp47/pkg/bcp47/matcher.go:304.37,305.43 1 1
github.com/fgv-vis/fgv/go/ts-bcp47/pkg/bcp47/matcher.go:305.43,307.5 1 1
github.com/fgv-vis/fgv/go/ts-bcp47/pkg/bcp47/matcher.go:312.2,312.56 1 1
github.com/fgv-vis/fgv/go/ts-bcp47/pkg/bcp47/matcher.go:312.56,313.37 1 1
github.com/fgv-vis/fgv/go/ts-bcp47/pkg/bcp47/matcher.go:313.37,314.43 1 1
github.com/fgv-vis/fgv/go/ts-bcp47/pkg/bcp47/matcher.go:314.43,316.5 1 1
github.com/fgv-vis/fgv/go/ts-bcp47/pkg/bcp47/matcher.go:320.2,320.14 1 1
github.com/fgv-vis/fgv/go/ts-bcp47/pkg/bcp47/matcher.go:324.78,336.39 2 1
github.com/fgv-vis/fgv/go/ts-bcp47/pkg/bcp47/matcher.go:336.39,338.34 2 1
github.com/fgv-vis/fgv/go/ts-bcp47/pkg/bcp47/matcher.go:338.34,339.42 1 1
github.com/fgv-vis/fgv/go/ts-bcp47/pkg/bcp47/matcher.go:339.42,341.5 1 1
github.com/fgv-vis/fgv/go/ts-bcp47/pkg/bcp47/matcher.go:342.4,342.42 1 1
github.com/fgv-vis/fgv/go/ts-bcp47/pkg/bcp47/matcher.go:342.42,344.5 1 1
github.com/fgv-vis/fgv/go/ts-bcp47/pkg/bcp47/matcher.go:346.3,346.23 1 1
github.com/fgv-vis/fgv/go/ts-bcp47/pkg/bcp47/matcher.go:346.23,348.4 1 1
github.com/fgv-vis/fgv/go/ts-bcp47/pkg/bcp47/matcher.go:351.2,351.14 1 1
github.com/fgv-vis/fgv/go/ts-bcp47/pkg/bcp47/matcher.go:357.44,358.22 1 0
github.com/fgv-vis/fgv/go/ts-bcp47/pkg/bcp47/matcher.go:358.22,360.3 1 0
github.com/fgv-vis/fgv/go/ts-bcp47/pkg/bcp47/matcher.go:363.2,364.22 2 0
github.com/fgv-vis/fgv/go/ts-bcp47/pkg/bcp47/matcher.go:364.22,366.3 1 0
github.com/fgv-vis/fgv/go/ts-bcp47/pkg/bcp47/matcher.go:368.2,369.22 2 0
github.com/fgv-vis/fgv/go/ts-bcp47/pkg/bcp47/matcher.go:369.22,371.3 1 0
github.com/fgv-vis/fgv/go/ts-bcp47/pkg/bcp47/matcher.go:374.2,374.22 1 0
github.com/fgv-vis/fgv/go/ts-bcp47/pkg/bcp47/matcher.go:374.22,375.15 1 0
github.com/fgv-vis/fgv/go/ts-bcp47/pkg/bcp47/matcher.go:375.15,377.4 1 0
github.com/fgv-vis/fgv/go/ts-bcp47/pkg/bcp47/matcher.go:380.2,380.13 1 0
github.com/fgv-vis/fgv/go/ts-bcp47/pkg/bcp47/matcher.go:384.24,385.11 1 1
github.com/fgv-vis/fgv/go/ts-bcp47/pkg/bcp47/matcher.go:385.11,387.3 1 1
github.com/fgv-vis/fgv/go/ts-bcp47/pkg/bcp47/matcher.go:388.2,388.10 1 0
github.com/fgv-vis/fgv/go/ts-bcp47/pkg/bcp47/parser.go:103.68,104.15 1 1
github.com/fgv-vis/fgv/go/ts-bcp47/pkg/bcp47/parser.go:104.15,106.3 1 1
github.com/fgv-vis/fgv/go/ts-bcp47/pkg/bcp47/parser.go:109.2,113.56 3 1
github.com/fgv-vis/fgv/go/ts-bcp47/pkg/bcp47/parser.go:113.56,115.3 1 0
github.com/fgv-vis/fgv/go/ts-bcp47/pkg/bcp47/parser.go:118.2,118.39 1 1
github.com/fgv-vis/fgv/go/ts-bcp47/pkg/bcp47/parser.go:118.39,120.3 1 1
github.com/fgv-vis/fgv/go/ts-bcp47/pkg/bcp47/parser.go:123.2,124.38 2 1
github.com/fgv-vis/fgv/go/ts-bcp47/pkg/bcp47/parser.go:124.38,136.3 1 1
github.com/fgv-vis/fgv/go/ts-bcp47/pkg/bcp47/parser.go:139.2,146.16 3 1
github.com/fgv-vis/fgv/go/ts-bcp47/pkg/bcp47/parser.go:146.16,148.3 1 1
github.com/fgv-vis/fgv/go/ts-bcp47/pkg/bcp47/parser.go:151.2,162.34 2 1
github.com/fgv-vis/fgv/go/ts-bcp47/pkg/bcp47/parser.go:162.34,164.17 2 1
github.com/fgv-vis/fgv/go/ts-bcp47/pkg/bcp47/parser.go:164.17,166.4 1 0
github.com/fgv-vis/fgv/go/ts-bcp47/pkg/bcp47/parser.go:170.2,170.34 1 1
github.com/fgv-vis/fgv/go/ts-bcp47/pkg/bcp47/parser.go:170.34,172.17 2 0
github.com/fgv-vis/fgv/go/ts-bcp47/pkg/bcp47/parser.go:172.17,174.4 1 0
github.com/fgv-vis/fgv/go/ts-bcp47/pkg/bcp47/parser.go:177.2,177.25 1 1
github.com/fgv-vis/fgv/go/ts-bcp47/pkg/bcp47/parser.go:181.32,182.32 1 1
github.com/fgv-vis/fgv/go/ts-bcp47/pkg/bcp47/parser.go:182.32,185.17 2 1
github.com/fgv-vis/fgv/go/ts-bcp47/pkg/bcp47/parser.go:185.17,187.4 1 1
github.com/fgv-vis/fgv/go/ts-bcp47/pkg/bcp47/parser.go:189.3,189.18 1 1
github.com/fgv-vis/fgv/go/ts-bcp47/pkg/bcp47/parser.go:190.22,191.48 1 1
github.com/fgv-vis/fgv/go/ts-bcp47/pkg/bcp47/parser.go:191.48,193.5 1 1
github.com/fgv-vis/fgv/go/ts-bcp47/pkg/bcp47/parser.go:194.21,195.47 1 1
github.com/fgv-vis/fgv/go/ts-bcp47/pkg/bcp47/parser.go:195.47,197.5 1 1
github.com/fgv-vis/fgv/go/ts-bcp47/pkg/bcp47/parser.go:198.20,199.46 1 0
github.com/fgv-vis/fgv/go/ts-bcp47/pkg/bcp47/parser.go:199.46,201.5 1 0
github.com/fgv-vis/fgv/go/ts-bcp47/pkg/bcp47/parser.go:202.20,203.46 1 1
github.com/fgv-vis/fgv/go/ts-bcp47/pkg/bcp47/parser.go:203.46,205.5 1 0
github.com/fgv-vis/fgv/go/ts-bcp47/pkg/bcp47/parser.go:206.21,207.47 1 1
github.com/fgv-vis/fgv/go/ts-bcp47/pkg/bcp47/parser.go:207.47,209.5 1 1
github.com/fgv-vis/fgv/go/ts-bcp47/pkg/bcp47/parser.go:210.23,211.49 1 1
github.com/fgv-vis/fgv/go/ts-bcp47/pkg/bcp47/parser.go:211.49,213.5 1 0
github.com/fgv-vis/fgv/go/ts-bcp47/pkg/bcp47/parser.go:214.24,215.50 1 1
github.com/fgv-vis/fgv/go/ts-bcp47/pkg/bcp47/parser.go:215.50,217.5 1 0
github.com/fgv-vis/fgv/go/ts-bcp47/pkg/bcp47/parser.go:218.11,219.80 1 0
github.com/fgv-vis/fgv/go/ts-bcp47/pkg/bcp47/parser.go:222.3,222.15 1 1
github.com/fgv-vis/fgv/go/ts-bcp47/pkg/bcp47/parser.go:225.2,225.12 1 1
github.com/fgv-vis/fgv/go/ts-bcp47/pkg/bcp47/parser.go:229.51,232.45 2 1
github.com/fgv-vis/fgv/go/ts-bcp47/pkg/bcp47/parser.go:232.45,234.3 1 1
github.com/fgv-vis/fgv/go/ts-bcp47/pkg/bcp47/parser.go:236.2,238.12 3 1
github.com/fgv-vis/fgv/go/ts-bcp47/pkg/bcp47/parser.go:242.50,250.2 2 1
github.com/fgv-vis/fgv/go/ts-bcp47/pkg/bcp47/parser.go:253.49,255.47 1 1
github.com/fgv-vis/fgv/go/ts-bcp47/pkg/bcp47/parser.go:255.47,260.3 3 1
github.com/fgv-vis/fgv/go/ts-bcp47/pkg/bcp47/parser.go:263.2,264.28 2 1
github.com/fgv-vis/fgv/go/ts-bcp47/pkg/bcp47/parser.go:268.49,270.50 1 1
github.com/fgv-vis/fgv/go/ts-bcp47/pkg/bcp47/parser.go:270.50,273.3 2 1
github.com/fgv-vis/fgv/go/ts-bcp47/pkg/bcp47/parser.go:275.2,278.20 2 1
github.com/fgv-vis/fgv/go/ts-bcp47/pkg/bcp47/parser.go:278.20,279.48 1 1
github.com/fgv-vis/fgv/go/ts-bcp47/pkg/bcp47/parser.go:279.48,281.54 1 1
github.com/fgv-vis/fgv/go/ts-bcp47/pkg/bcp47/parser.go:281.54,285.5 3 1
github.com/fgv-vis/fgv/go/ts-bcp47/pkg/bcp47/parser.go:289.3,289.41 1 1
github.com/fgv-vis/fgv/go/ts-bcp47/pkg/bcp47/parser.go:289.41,292.4 2 1
github.com/fgv-vis/fgv/go/ts-bcp47/pkg/bcp47/parser.go:296.2,296.52 1 1
github.com/fgv-vis/fgv/go/ts-bcp47/pkg/bcp47/parser.go:296.52,300.3 3 1
github.com/fgv-vis/fgv/go/ts-bcp47/pkg/bcp47/parser.go:303.2,303.38 1 1
github.com/fgv-vis/fgv/go/ts-bcp47/pkg/bcp47/parser.go:303.38,306.3 2 1
github.com/fgv-vis/fgv/go/ts-bcp47/pkg/bcp47/parser.go:309.2,309.72 1 1
github.com/fgv-vis/fgv/go/ts-bcp47/pkg/bcp47/parser.go:313.50,317.43 2 1
github.com/fgv-vis/fgv/go/ts-bcp47/pkg/bcp47/parser.go:317.43,319.47 1 1
github.com/fgv-vis/fgv/go/ts-bcp47/pkg/bcp47/parser.go:319.47,320.29 1 1
github.com/fgv-vis/fgv/go/ts-bcp47/pkg/bcp47/parser.go:320.29,322.5 1 1
github.com/fgv-vis/fgv/go/ts-bcp47/pkg/bcp47/parser.go:324.3,325.13 2 1
github.com/fgv-vis/fgv/go/ts-bcp47/pkg/bcp47/parser.go:329.2,329.58 1 1
github.com/fgv-vis/fgv/go/ts-bcp47/pkg/bcp47/parser.go:329.58,332.3 2 1
github.com/fgv-vis/fgv/go/ts-bcp47/pkg/bcp47/parser.go:335.2,335.50 1 1
github.com/fgv-vis/fgv/go/ts-bcp47/pkg/bcp47/parser.go:335.50,338.3 2 1
github.com/fgv-vis/fgv/go/ts-bcp47/pkg/bcp47/parser.go:340.2,340.72 1 1
github.com/fgv-vis/fgv/go/ts-bcp47/pkg/bcp47/parser.go:344.52,348.58 2 1
github.com/fgv-vis/fgv/go/ts-bcp47/pkg/bcp47/parser.go:348.58,350.39 1 1
github.com/fgv-vis/fgv/go/ts-bcp47/pkg/bcp47/parser.go:350.39,353.4 2 0
github.com/fgv-vis/fgv/go/ts-bcp47/pkg/bcp47/parser.go:356.3,356.34 1 1
github.com/fgv-vis/fgv/go/ts-bcp47/pkg/bcp47/parser.go:356.34,358.4 1 1
github.com/fgv-vis/fgv/go/ts-bcp47/pkg/bcp47/parser.go:360.3,360.59 1 1
github.com/fgv-vis/fgv/go/ts-bcp47/pkg/bcp47/parser.go:360.59,362.4 1 0
github.com/fgv-vis/fgv/go/ts-bcp47/pkg/bcp47/parser.go:364.3,366.13 3 1
github.com/fgv-vis/fgv/go/ts-bcp47/pkg/bcp47/parser.go:370.2,370.47 1 1
github.com/fgv-vis/fgv/go/ts-bcp47/pkg/bcp47/parser.go:370.47,372.3 1 0
github.com/fgv-vis/fgv/go/ts-bcp47/pkg/bcp47/parser.go:375.2,375.39 1 1
github.com/fgv-vis/fgv/go/ts-bcp47/pkg/bcp47/parser.go:375.39,377.3 1 1
github.com/fgv-vis/fgv/go/ts-bcp47/pkg/bcp47/parser.go:379.2,379.12 1 1
github.com/fgv-vis/fgv/go/ts-bcp47/pkg/bcp47/parser.go:383.53,385.50 1 1
github.com/fgv-vis/fgv/go/ts-bcp47/pkg/bcp47/parser.go:385.50,387.3 1 0
github.com/fgv-vis/fgv/go/ts-bcp47/pkg/bcp47/parser.go:389.2,391.47 2 1
github.com/fgv-vis/fgv/go/ts-bcp47/pkg/bcp47/parser.go:391.47,393.3 1 0
github.com/fgv-vis/fgv/go/ts-bcp47/pkg/bcp47/parser.go:395.2,396.12 2 1
github.com/fgv-vis/fgv/go/ts-bcp47/pkg/bcp47/parser.go:400.76,404.24 1 1
github.com/fgv-vis/fgv/go/ts-bcp47/pkg/bcp47/parser.go:404.24,406.40 1 1
github.com/fgv-vis/fgv/go/ts-bcp47/pkg/bcp47/parser.go:406.40,408.4 1 1
github.com/fgv-vis/fgv/go/ts-bcp47/pkg/bcp47/parser.go:410.3,410.48 1 1
github.com/fgv-vis/fgv/go/ts-bcp47/pkg/bcp47/parser.go:410.48,412.4 1 0
github.com/fgv-vis/fgv/go/ts-bcp47/pkg/bcp47/parser.go:414.3,414.31 1 1
github.com/fgv-vis/fgv/go/ts-bcp47/pkg/bcp47/parser.go:414.31,417.23 2 1
github.com/fgv-vis/fgv/go/ts-bcp47/pkg/bcp47/parser.go:417.23,419.5 1 1
github.com/fgv-vis/fgv/go/ts-bcp47/pkg/bcp47/parser.go:422.3,422.31 1 1
github.com/fgv-vis/fgv/go/ts-bcp47/pkg/bcp47/parser.go:422.31,425.4 1 1
github.com/fgv-vis/fgv/go/ts-bcp47/pkg/bcp47/parser.go:427.3,427.48 1 1
github.com/fgv-vis/fgv/go/ts-bcp47/pkg/bcp47/parser.go:427.48,429.4 1 1
github.com/fgv-vis/fgv/go/ts-bcp47/pkg/bcp47/parser.go:432.3,432.41 1 1
github.com/fgv-vis/fgv/go/ts-bcp47/pkg/bcp47/parser.go:435.2,435.24 1 1
github.com/fgv-vis/fgv/go/ts-bcp47/pkg/bcp47/parser.go:435.25,437.3 0 0
github.com/fgv-vis/fgv/go/ts-bcp47/pkg/bcp47/parser.go:439.2,440.12 2 1
github.com/fgv-vis/fgv/go/ts-bcp47/pkg/bcp47/parser.go:444.70,448.20 1 0
github.com/fgv-vis/fgv/go/ts-bcp47/pkg/bcp47/parser.go:448.20,450.64 1 0
github.com/fgv-vis/fgv/go/ts-bcp47/pkg/bcp47/parser.go:450.64,452.4 1 0
github.com/fgv-vis/fgv/go/ts-bcp47/pkg/bcp47/parser.go:457.2,457.28 1 0
github.com/fgv-vis/fgv/go/ts-bcp47/pkg/bcp47/parser.go:457.29,459.3 0 0
github.com/fgv-vis/fgv/go/ts-bcp47/pkg/bcp47/parser.go:461.2,462.12 2 0
github.com/fgv-vis/fgv/go/ts-bcp47/pkg/bcp47/similarity.go:58.42,59.11 1 1
github.com/fgv-vis/fgv/go/ts-bcp47/pkg/bcp47/similarity.go:60.23,61.17 1 1
github.com/fgv-vis/fgv/go/ts-bcp47/pkg/bcp47/similarity.go:62.25,63.19 1 0
github.com/fgv-vis/fgv/go/ts-bcp47/pkg/bcp47/similarity.go:64.24,65.18 1 1
github.com/fgv-vis/fgv/go/ts-bcp47/pkg/bcp47/similarity.go:66.29,67.23 1 0
github.com/fgv-vis/fgv/go/ts-bcp47/pkg/bcp47/similarity.go:68.31,69.25 1 1
github.com/fgv-vis/fgv/go/ts-bcp47/pkg/bcp47/similarity.go:70.35,71.29 1 0
github.com/fgv-vis/fgv/go/ts-bcp47/pkg/bcp47/similarity.go:72.26,73.20 1 0
github.com/fgv-vis/fgv/go/ts-bcp47/pkg/bcp47/similarity.go:74.33,75.27 1 0
github.com/fgv-vis/fgv/go/ts-bcp47/pkg/bcp47/similarity.go:76.25,77.19 1 0
github.com/fgv-vis/fgv/go/ts-bcp47/pkg/bcp47/similarity.go:78.30,79.24 1 0
github.com/fgv-vis/fgv/go/ts-bcp47/pkg/bcp47/similarity.go:80.22,81.16 1 0
github.com/fgv-vis/fgv/go/ts-bcp47/pkg/bcp47/similarity.go:82.10,83.26 1 1
github.com/fgv-vis/fgv/go/ts-bcp47/pkg/bcp47/similarity.go:83.26,85.4 1 0
github.com/fgv-vis/fgv/go/ts-bcp47/pkg/bcp47/similarity.go:85.9,85.32 1 1
github.com/fgv-vis/fgv/go/ts-bcp47/pkg/bcp47/similarity.go:85.32,87.4 1 1
github.com/fgv-vis/fgv/go/ts-bcp47/pkg/bcp47/similarity.go:88.3,88.16 1 0
github.com/fgv-vis/fgv/go/ts-bcp47/pkg/bcp47/similarity.go:93.41,95.2 1 0
github.com/fgv-vis/fgv/go/ts-bcp47/pkg/bcp47/similarity.go:98.41,100.2 1 0
github.com/fgv-vis/fgv/go/ts-bcp47/pkg/bcp47/similarity.go:103.43,104.9 1 0
github.com/fgv-vis/fgv/go/ts-bcp47/pkg/bcp47/similarity.go:105.28,106.21 1 0
github.com/fgv-vis/fgv/go/ts-bcp47/pkg/bcp47/similarity.go:107.30,108.21 1 0
github.com/fgv-vis/fgv/go/ts-bcp47/pkg/bcp47/similarity.go:109.29,110.16 1 0
github.com/fgv-vis/fgv/go/ts-bcp47/pkg/bcp47/similarity.go:111.34,112.16 1 0
github.com/fgv-vis/fgv/go/ts-bcp47/pkg/bcp47/similarity.go:113.36,114.20 1 0
github.com/fgv-vis/fgv/go/ts-bcp47/pkg/bcp47/similarity.go:115.26,116.16 1 0
github.com/fgv-vis/fgv/go/ts-bcp47/pkg/bcp47/similarity.go:117.10,118.16 1 0
github.com/fgv-vis/fgv/go/ts-bcp47/pkg/bcp47/similarity.go:123.48,124.11 1 1
github.com/fgv-vis/fgv/go/ts-bcp47/pkg/bcp47/similarity.go:124.11,126.3 1 1
github.com/fgv-vis/fgv/go/ts-bcp47/pkg/bcp47/similarity.go:127.2,127.10 1 1
github.com/fgv-vis/fgv/go/ts-bcp47/pkg/bcp47/similarity.go:131.48,132.11 1 0
github.com/fgv-vis/fgv/go/ts-bcp47/pkg/bcp47/similarity.go:132.11,134.3 1 0
github.com/fgv-vis/fgv/go/ts-bcp47/pkg/bcp47/similarity.go:135.2,135.10 1 0
github.com/fgv-vis/fgv/go/ts-bcp47/pkg/bcp47/similarity.go:176.39,178.2 1 0
github.com/fgv-vis/fgv/go/ts-bcp47/pkg/bcp47/similarity.go:181.39,183.2 1 0
github.com/fgv-vis/fgv/go/ts-bcp47/pkg/bcp47/similarity.go:186.41,188.2 1 0
github.com/fgv-vis/fgv/go/ts-bcp47/pkg/bcp47/types.go:77.39,78.12 1 0
github.com/fgv-vis/fgv/go/ts-bcp47/pkg/bcp47/types.go:79.18,80.22 1 0
github.com/fgv-vis/fgv/go/ts-bcp47/pkg/bcp47/types.go:81.13,82.17 1 0
github.com/fgv-vis/fgv/go/ts-bcp47/pkg/bcp47/types.go:83.21,84.25 1 0
github.com/fgv-vis/fgv/go/ts-bcp47/pkg/bcp47/types.go:85.10,86.19 1 0
github.com/fgv-vis/fgv/go/ts-bcp47/pkg/bcp47/types.go:106.44,107.12 1 0
github.com/fgv-vis/fgv/go/ts-bcp47/pkg/bcp47/types.go:108.12,109.16 1 0
github.com/fgv-vis/fgv/go/ts-bcp47/pkg/bcp47/types.go:110.17,111.21 1 0
github.com/fgv-vis/fgv/go/ts-bcp47/pkg/bcp47/types.go:112.17,113.21 1 0
github.com/fgv-vis/fgv/go/ts-bcp47/pkg/bcp47/types.go:114.10,115.19 1 0
github.com/fgv-vis/fgv/go/ts-bcp47/pkg/bcp47/types.go:130.48,131.25 1 1
github.com/fgv-vis/fgv/go/ts-bcp47/pkg/bcp47/types.go:131.25,133.3 1 1
github.com/fgv-vis/fgv/go/ts-bcp47/pkg/bcp47/types.go:137.63,138.25 1 1
github.com/fgv-vis/fgv/go/ts-bcp47/pkg/bcp47/types.go:138.25,140.3 1 1
github.com/fgv-vis/fgv/go/ts-bcp47/pkg/bcp47/types.go:144.30,149.2 1 1
github.com/fgv-vis/fgv/go/ts-bcp47/pkg/bcp47/types.go:152.54,153.33 1 1
github.com/fgv-vis/fgv/go/ts-bcp47/pkg/bcp47/types.go:153.33,155.3 1 1
github.com/fgv-vis/fgv/go/ts-bcp47/pkg/bcp47/types.go:159.40,161.2 1 1
github.com/fgv-vis/fgv/go/ts-bcp47/pkg/bcp47/types.go:164.39,166.2 1 0
github.com/fgv-vis/fgv/go/ts-bcp47/pkg/bcp47/types.go:169.47,171.2 1 0
github.com/fgv-vis/fgv/go/ts-bcp47/pkg/bcp47/types.go:174.50,176.2 1 0
github.com/fgv-vis/fgv/go/ts-bcp47/pkg/bcp47/types.go:179.60,181.2 1 0
github.com/fgv-vis/fgv/go/ts-bcp47/pkg/bcp47/types.go:185.46,186.33 1 1
github.com/fgv-vis/fgv/go/ts-bcp47/pkg/bcp47/types.go:186.33,188.3 1 1
github.com/fgv-vis/fgv/go/ts-bcp47/pkg/bcp47/types.go:190.2,193.35 2 1
github.com/fgv-vis/fgv/go/ts-bcp47/pkg/bcp47/types.go:193.35,195.3 1 1
github.com/fgv-vis/fgv/go/ts-bcp47/pkg/bcp47/types.go:198.2,198.43 1 1
github.com/fgv-vis/fgv/go/ts-bcp47/pkg/bcp47/types.go:198.43,200.3 1 0
github.com/fgv-vis/fgv/go/ts-bcp47/pkg/bcp47/types.go:203.2,203.26 1 1
github.com/fgv-vis/fgv/go/ts-bcp47/pkg/bcp47/types.go:203.26,205.3 1 1
github.com/fgv-vis/fgv/go/ts-bcp47/pkg/bcp47/types.go:208.2,208.26 1 1
github.com/fgv-vis/fgv/go/ts-bcp47/pkg/bcp47/types.go:208.26,210.3 1 1
github.com/fgv-vis/fgv/go/ts-bcp47/pkg/bcp47/types.go:213.2,213.43 1 1
github.com/fgv-vis/fgv/go/ts-bcp47/pkg/bcp47/types.go:213.43,215.3 1 1
github.com/fgv-vis/fgv/go/ts-bcp47/pkg/bcp47/types.go:218.2,218.56 1 1
github.com/fgv-vis/fgv/go/ts-bcp47/pkg/bcp47/types.go:218.56,221.3 2 1
github.com/fgv-vis/fgv/go/ts-bcp47/pkg/bcp47/types.go:224.2,224.33 1 1
github.com/fgv-vis/fgv/go/ts-bcp47/pkg/bcp47/types.go:224.33,227.3 2 1
github.com/fgv-vis/fgv/go/ts-bcp47/pkg/bcp47/types.go:229.2,229.33 1 1
github.com/fgv-vis/fgv/go/ts-bcp47/pkg/bcp47/types.go:233.45,235.2 1 0
github.com/fgv-vis/fgv/go/ts-bcp47/pkg/bcp47/types.go:238.36,240.2 1 1
github.com/fgv-vis/fgv/go/ts-bcp47/pkg/bcp47/types.go:243.36,245.2 1 1
github.com/fgv-vis/fgv/go/ts-bcp47/pkg/bcp47/types.go:248.38,250.2 1 0
github.com/fgv-vis/fgv/go/ts-bcp47/pkg/bcp47/types.go:253.40,255.2 1 0
github.com/fgv-vis/fgv/go/ts-bcp47/pkg/bcp47/types.go:258.40,260.2 1 0
github.com/fgv-vis/fgv/go/ts-bcp47/pkg/bcp47/types.go:263.34,271.23 2 0
github.com/fgv-vis/fgv/go/ts-bcp47/pkg/bcp47/types.go:271.23,274.3 2 0
github.com/fgv-vis/fgv/go/ts-bcp47/pkg/bcp47/types.go:276.2,276.23 1 0
github.com/fgv-vis/fgv/go/ts-bcp47/pkg/bcp47/types.go:276.23,279.3 2 0
github.com/fgv-vis/fgv/go/ts-bcp47/pkg/bcp47/types.go:281.2,281.25 1 0
github.com/fgv-vis/fgv/go/ts-bcp47/pkg/bcp47/types.go:281.25,283.34 2 0
github.com/fgv-vis/fgv/go/ts-bcp47/pkg/bcp47/types.go:283.34,286.4 2 0
github.com/fgv-vis/fgv/go/ts-bcp47/pkg/bcp47/types.go:289.2,289.25 1 0
github.com/fgv-vis/fgv/go/ts-bcp47/pkg/bcp47/types.go:289.25,292.3 2 0
github.com/fgv-vis/fgv/go/ts-bcp47/pkg/bcp47/types.go:294.2,294.13 1 0
github.com/fgv-vis/fgv/go/ts-bcp47/pkg/bcp47/types.go:298.43,299.24 1 0
github.com/fgv-vis/fgv/go/ts-bcp47/pkg/bcp47/types.go:299.24,301.3 1 0
github.com/fgv-vis/fgv/go/ts-bcp47/pkg/bcp47/types.go:334.32,335.17 1 1
github.com/fgv-vis/fgv/go/ts-bcp47/pkg/bcp47/types.go:335.17,337.3 1 1
github.com/fgv-vis/fgv/go/ts-bcp47/pkg/bcp47/types.go:338.2,338.50 1 1
github.com/fgv-vis/fgv/go/ts-bcp47/pkg/bcp47/types.go:342.72,349.2 1 1
