mode: set
github.com/fgv-vis/fgv/go/ts-bcp47/cmd/demo/main.go:10.13,19.27 6 0
github.com/fgv-vis/fgv/go/ts-bcp47/cmd/demo/main.go:19.27,21.17 2 0
github.com/fgv-vis/fgv/go/ts-bcp47/cmd/demo/main.go:21.17,23.12 2 0
github.com/fgv-vis/fgv/go/ts-bcp47/cmd/demo/main.go:26.3,27.34 2 0
github.com/fgv-vis/fgv/go/ts-bcp47/cmd/demo/main.go:27.34,29.4 1 0
github.com/fgv-vis/fgv/go/ts-bcp47/cmd/demo/main.go:30.3,30.34 1 0
github.com/fgv-vis/fgv/go/ts-bcp47/cmd/demo/main.go:30.34,32.4 1 0
github.com/fgv-vis/fgv/go/ts-bcp47/cmd/demo/main.go:33.3,33.39 1 0
github.com/fgv-vis/fgv/go/ts-bcp47/cmd/demo/main.go:33.39,35.4 1 0
github.com/fgv-vis/fgv/go/ts-bcp47/cmd/demo/main.go:36.3,36.16 1 0
github.com/fgv-vis/fgv/go/ts-bcp47/cmd/demo/main.go:38.2,53.36 4 0
github.com/fgv-vis/fgv/go/ts-bcp47/cmd/demo/main.go:53.36,55.17 2 0
github.com/fgv-vis/fgv/go/ts-bcp47/cmd/demo/main.go:55.17,57.12 2 0
github.com/fgv-vis/fgv/go/ts-bcp47/cmd/demo/main.go:60.3,61.44 1 0
github.com/fgv-vis/fgv/go/ts-bcp47/cmd/demo/main.go:63.2,74.16 8 0
github.com/fgv-vis/fgv/go/ts-bcp47/cmd/demo/main.go:74.16,76.3 1 0
github.com/fgv-vis/fgv/go/ts-bcp47/cmd/demo/main.go:76.8,78.33 2 0
github.com/fgv-vis/fgv/go/ts-bcp47/cmd/demo/main.go:78.33,80.4 1 0
github.com/fgv-vis/fgv/go/ts-bcp47/cmd/demo/main.go:82.2,88.35 4 0
github.com/fgv-vis/fgv/go/ts-bcp47/cmd/demo/main.go:88.35,90.17 2 0
github.com/fgv-vis/fgv/go/ts-bcp47/cmd/demo/main.go:90.17,92.12 2 0
github.com/fgv-vis/fgv/go/ts-bcp47/cmd/demo/main.go:94.3,94.52 1 0
github.com/fgv-vis/fgv/go/ts-bcp47/cmd/demo/main.go:96.2,129.72 24 0
github.com/fgv-vis/fgv/go/ts-bcp47/pkg/bcp47/bcp47.go:10.80,13.16 2 1
github.com/fgv-vis/fgv/go/ts-bcp47/pkg/bcp47/bcp47.go:13.16,15.3 1 1
github.com/fgv-vis/fgv/go/ts-bcp47/pkg/bcp47/bcp47.go:17.2,18.16 2 1
github.com/fgv-vis/fgv/go/ts-bcp47/pkg/bcp47/bcp47.go:18.16,20.3 1 0
github.com/fgv-vis/fgv/go/ts-bcp47/pkg/bcp47/bcp47.go:23.2,24.37 2 1
github.com/fgv-vis/fgv/go/ts-bcp47/pkg/bcp47/bcp47.go:28.87,31.16 2 0
github.com/fgv-vis/fgv/go/ts-bcp47/pkg/bcp47/bcp47.go:31.16,33.3 1 0
github.com/fgv-vis/fgv/go/ts-bcp47/pkg/bcp47/bcp47.go:35.2,36.16 2 0
github.com/fgv-vis/fgv/go/ts-bcp47/pkg/bcp47/bcp47.go:36.16,38.3 1 0
github.com/fgv-vis/fgv/go/ts-bcp47/pkg/bcp47/bcp47.go:41.2,49.8 3 0
github.com/fgv-vis/fgv/go/ts-bcp47/pkg/bcp47/bcp47.go:62.42,67.2 1 1
github.com/fgv-vis/fgv/go/ts-bcp47/pkg/bcp47/bcp47.go:71.85,73.2 1 1
github.com/fgv-vis/fgv/go/ts-bcp47/pkg/bcp47/bcp47.go:76.122,79.30 2 1
github.com/fgv-vis/fgv/go/ts-bcp47/pkg/bcp47/bcp47.go:79.30,81.17 2 1
github.com/fgv-vis/fgv/go/ts-bcp47/pkg/bcp47/bcp47.go:81.17,83.4 1 0
github.com/fgv-vis/fgv/go/ts-bcp47/pkg/bcp47/bcp47.go:84.3,84.26 1 1
github.com/fgv-vis/fgv/go/ts-bcp47/pkg/bcp47/bcp47.go:88.2,89.32 2 1
github.com/fgv-vis/fgv/go/ts-bcp47/pkg/bcp47/bcp47.go:89.32,91.17 2 1
github.com/fgv-vis/fgv/go/ts-bcp47/pkg/bcp47/bcp47.go:91.17,93.4 1 0
github.com/fgv-vis/fgv/go/ts-bcp47/pkg/bcp47/bcp47.go:94.3,94.28 1 1
github.com/fgv-vis/fgv/go/ts-bcp47/pkg/bcp47/bcp47.go:98.2,107.45 4 1
github.com/fgv-vis/fgv/go/ts-bcp47/pkg/bcp47/bcp47.go:107.45,110.42 2 1
github.com/fgv-vis/fgv/go/ts-bcp47/pkg/bcp47/bcp47.go:110.42,112.25 2 1
github.com/fgv-vis/fgv/go/ts-bcp47/pkg/bcp47/bcp47.go:112.25,114.5 1 1
github.com/fgv-vis/fgv/go/ts-bcp47/pkg/bcp47/bcp47.go:118.3,118.43 1 1
github.com/fgv-vis/fgv/go/ts-bcp47/pkg/bcp47/bcp47.go:118.43,123.4 1 1
github.com/fgv-vis/fgv/go/ts-bcp47/pkg/bcp47/bcp47.go:127.2,127.42 1 1
github.com/fgv-vis/fgv/go/ts-bcp47/pkg/bcp47/bcp47.go:127.42,129.3 1 1
github.com/fgv-vis/fgv/go/ts-bcp47/pkg/bcp47/bcp47.go:132.2,132.71 1 1
github.com/fgv-vis/fgv/go/ts-bcp47/pkg/bcp47/bcp47.go:132.71,134.3 1 1
github.com/fgv-vis/fgv/go/ts-bcp47/pkg/bcp47/bcp47.go:137.2,138.32 2 1
github.com/fgv-vis/fgv/go/ts-bcp47/pkg/bcp47/bcp47.go:138.32,140.3 1 1
github.com/fgv-vis/fgv/go/ts-bcp47/pkg/bcp47/bcp47.go:142.2,142.20 1 1
github.com/fgv-vis/fgv/go/ts-bcp47/pkg/bcp47/bcp47.go:146.74,148.27 2 0
github.com/fgv-vis/fgv/go/ts-bcp47/pkg/bcp47/bcp47.go:148.27,150.17 2 0
github.com/fgv-vis/fgv/go/ts-bcp47/pkg/bcp47/bcp47.go:150.17,152.4 1 0
github.com/fgv-vis/fgv/go/ts-bcp47/pkg/bcp47/bcp47.go:153.3,153.21 1 0
github.com/fgv-vis/fgv/go/ts-bcp47/pkg/bcp47/bcp47.go:155.2,155.20 1 0
github.com/fgv-vis/fgv/go/ts-bcp47/pkg/bcp47/bcp47.go:159.36,162.2 2 1
github.com/fgv-vis/fgv/go/ts-bcp47/pkg/bcp47/bcp47.go:165.31,168.2 2 0
github.com/fgv-vis/fgv/go/ts-bcp47/pkg/bcp47/bcp47.go:171.39,174.2 2 0
github.com/fgv-vis/fgv/go/ts-bcp47/pkg/bcp47/bcp47.go:177.93,180.2 2 1
github.com/fgv-vis/fgv/go/ts-bcp47/pkg/bcp47/bcp47.go:183.71,185.2 1 0
github.com/fgv-vis/fgv/go/ts-bcp47/pkg/bcp47/bcp47.go:188.71,190.2 1 0
github.com/fgv-vis/fgv/go/ts-bcp47/pkg/bcp47/bcp47.go:193.50,195.16 2 1
github.com/fgv-vis/fgv/go/ts-bcp47/pkg/bcp47/bcp47.go:195.16,197.3 1 0
github.com/fgv-vis/fgv/go/ts-bcp47/pkg/bcp47/bcp47.go:199.2,199.28 1 1
github.com/fgv-vis/fgv/go/ts-bcp47/pkg/bcp47/bcp47.go:199.28,201.3 1 0
github.com/fgv-vis/fgv/go/ts-bcp47/pkg/bcp47/bcp47.go:203.2,203.44 1 1
github.com/fgv-vis/fgv/go/ts-bcp47/pkg/bcp47/bcp47.go:207.48,209.16 2 1
github.com/fgv-vis/fgv/go/ts-bcp47/pkg/bcp47/bcp47.go:209.16,211.3 1 0
github.com/fgv-vis/fgv/go/ts-bcp47/pkg/bcp47/bcp47.go:213.2,213.35 1 1
github.com/fgv-vis/fgv/go/ts-bcp47/pkg/bcp47/bcp47.go:217.48,219.16 2 1
github.com/fgv-vis/fgv/go/ts-bcp47/pkg/bcp47/bcp47.go:219.16,221.3 1 0
github.com/fgv-vis/fgv/go/ts-bcp47/pkg/bcp47/bcp47.go:223.2,223.35 1 1
github.com/fgv-vis/fgv/go/ts-bcp47/pkg/bcp47/bcp47.go:227.33,229.16 2 1
github.com/fgv-vis/fgv/go/ts-bcp47/pkg/bcp47/bcp47.go:229.16,231.3 1 0
github.com/fgv-vis/fgv/go/ts-bcp47/pkg/bcp47/bcp47.go:233.2,233.35 1 1
github.com/fgv-vis/fgv/go/ts-bcp47/pkg/bcp47/bcp47.go:237.33,239.16 2 1
github.com/fgv-vis/fgv/go/ts-bcp47/pkg/bcp47/bcp47.go:239.16,241.3 1 0
github.com/fgv-vis/fgv/go/ts-bcp47/pkg/bcp47/bcp47.go:243.2,243.35 1 1
github.com/fgv-vis/fgv/go/ts-bcp47/pkg/bcp47/bcp47.go:247.38,249.16 2 1
github.com/fgv-vis/fgv/go/ts-bcp47/pkg/bcp47/bcp47.go:249.16,251.3 1 0
github.com/fgv-vis/fgv/go/ts-bcp47/pkg/bcp47/bcp47.go:253.2,253.30 1 1
github.com/fgv-vis/fgv/go/ts-bcp47/pkg/bcp47/bcp47.go:257.94,259.16 2 1
github.com/fgv-vis/fgv/go/ts-bcp47/pkg/bcp47/bcp47.go:259.16,261.3 1 0
github.com/fgv-vis/fgv/go/ts-bcp47/pkg/bcp47/bcp47.go:263.2,263.35 1 1
github.com/fgv-vis/fgv/go/ts-bcp47/pkg/bcp47/bcp47.go:267.69,269.2 1 1
github.com/fgv-vis/fgv/go/ts-bcp47/pkg/bcp47/bcp47.go:272.68,274.2 1 0
github.com/fgv-vis/fgv/go/ts-bcp47/pkg/bcp47/bcp47.go:277.67,279.16 2 1
github.com/fgv-vis/fgv/go/ts-bcp47/pkg/bcp47/bcp47.go:279.16,281.3 1 0
github.com/fgv-vis/fgv/go/ts-bcp47/pkg/bcp47/bcp47.go:283.2,283.36 1 1
github.com/fgv-vis/fgv/go/ts-bcp47/pkg/bcp47/bcp47.go:287.76,291.16 3 0
github.com/fgv-vis/fgv/go/ts-bcp47/pkg/bcp47/bcp47.go:291.16,293.3 1 0
github.com/fgv-vis/fgv/go/ts-bcp47/pkg/bcp47/bcp47.go:295.2,296.16 2 0
github.com/fgv-vis/fgv/go/ts-bcp47/pkg/bcp47/bcp47.go:296.16,298.3 1 0
github.com/fgv-vis/fgv/go/ts-bcp47/pkg/bcp47/bcp47.go:300.2,300.53 1 0
github.com/fgv-vis/fgv/go/ts-bcp47/pkg/bcp47/bcp47.go:304.92,307.27 2 1
github.com/fgv-vis/fgv/go/ts-bcp47/pkg/bcp47/bcp47.go:307.27,309.17 2 1
github.com/fgv-vis/fgv/go/ts-bcp47/pkg/bcp47/bcp47.go:309.17,310.12 1 0
github.com/fgv-vis/fgv/go/ts-bcp47/pkg/bcp47/bcp47.go:313.3,313.66 1 1
github.com/fgv-vis/fgv/go/ts-bcp47/pkg/bcp47/bcp47.go:313.66,315.4 1 1
github.com/fgv-vis/fgv/go/ts-bcp47/pkg/bcp47/bcp47.go:318.2,318.20 1 1
github.com/fgv-vis/fgv/go/ts-bcp47/pkg/bcp47/bcp47.go:322.88,325.27 2 0
github.com/fgv-vis/fgv/go/ts-bcp47/pkg/bcp47/bcp47.go:325.27,327.17 2 0
github.com/fgv-vis/fgv/go/ts-bcp47/pkg/bcp47/bcp47.go:327.17,328.12 1 0
github.com/fgv-vis/fgv/go/ts-bcp47/pkg/bcp47/bcp47.go:331.3,331.55 1 0
github.com/fgv-vis/fgv/go/ts-bcp47/pkg/bcp47/bcp47.go:331.55,333.4 1 0
github.com/fgv-vis/fgv/go/ts-bcp47/pkg/bcp47/bcp47.go:336.2,336.20 1 0
github.com/fgv-vis/fgv/go/ts-bcp47/pkg/bcp47/bcp47.go:340.80,343.27 2 1
github.com/fgv-vis/fgv/go/ts-bcp47/pkg/bcp47/bcp47.go:343.27,345.17 2 1
github.com/fgv-vis/fgv/go/ts-bcp47/pkg/bcp47/bcp47.go:345.17,346.12 1 0
github.com/fgv-vis/fgv/go/ts-bcp47/pkg/bcp47/bcp47.go:349.3,349.43 1 1
github.com/fgv-vis/fgv/go/ts-bcp47/pkg/bcp47/bcp47.go:349.43,351.4 1 1
github.com/fgv-vis/fgv/go/ts-bcp47/pkg/bcp47/bcp47.go:355.2,356.32 2 1
github.com/fgv-vis/fgv/go/ts-bcp47/pkg/bcp47/bcp47.go:356.32,358.3 1 1
github.com/fgv-vis/fgv/go/ts-bcp47/pkg/bcp47/bcp47.go:360.2,361.23 2 1
github.com/fgv-vis/fgv/go/ts-bcp47/pkg/bcp47/bcp47.go:365.78,368.27 2 0
github.com/fgv-vis/fgv/go/ts-bcp47/pkg/bcp47/bcp47.go:368.27,370.17 2 0
github.com/fgv-vis/fgv/go/ts-bcp47/pkg/bcp47/bcp47.go:370.17,371.12 1 0
github.com/fgv-vis/fgv/go/ts-bcp47/pkg/bcp47/bcp47.go:374.3,374.34 1 0
github.com/fgv-vis/fgv/go/ts-bcp47/pkg/bcp47/bcp47.go:374.34,376.4 1 0
github.com/fgv-vis/fgv/go/ts-bcp47/pkg/bcp47/bcp47.go:380.2,381.32 2 0
github.com/fgv-vis/fgv/go/ts-bcp47/pkg/bcp47/bcp47.go:381.32,383.3 1 0
github.com/fgv-vis/fgv/go/ts-bcp47/pkg/bcp47/bcp47.go:385.2,386.21 2 0
github.com/fgv-vis/fgv/go/ts-bcp47/pkg/bcp47/iana.go:111.43,112.25 1 1
github.com/fgv-vis/fgv/go/ts-bcp47/pkg/bcp47/iana.go:112.25,114.3 1 1
github.com/fgv-vis/fgv/go/ts-bcp47/pkg/bcp47/iana.go:115.2,115.38 1 1
github.com/fgv-vis/fgv/go/ts-bcp47/pkg/bcp47/iana.go:119.48,122.16 2 1
github.com/fgv-vis/fgv/go/ts-bcp47/pkg/bcp47/iana.go:122.16,124.3 1 1
github.com/fgv-vis/fgv/go/ts-bcp47/pkg/bcp47/iana.go:126.2,127.56 2 0
github.com/fgv-vis/fgv/go/ts-bcp47/pkg/bcp47/iana.go:127.56,129.3 1 0
github.com/fgv-vis/fgv/go/ts-bcp47/pkg/bcp47/iana.go:132.2,139.41 7 0
github.com/fgv-vis/fgv/go/ts-bcp47/pkg/bcp47/iana.go:139.41,140.21 1 0
github.com/fgv-vis/fgv/go/ts-bcp47/pkg/bcp47/iana.go:141.19,152.5 1 0
github.com/fgv-vis/fgv/go/ts-bcp47/pkg/bcp47/iana.go:153.18,163.5 1 0
github.com/fgv-vis/fgv/go/ts-bcp47/pkg/bcp47/iana.go:164.17,172.5 1 0
github.com/fgv-vis/fgv/go/ts-bcp47/pkg/bcp47/iana.go:173.17,181.5 1 0
github.com/fgv-vis/fgv/go/ts-bcp47/pkg/bcp47/iana.go:182.18,191.5 1 0
github.com/fgv-vis/fgv/go/ts-bcp47/pkg/bcp47/iana.go:192.24,200.5 1 0
github.com/fgv-vis/fgv/go/ts-bcp47/pkg/bcp47/iana.go:204.2,204.23 1 0
github.com/fgv-vis/fgv/go/ts-bcp47/pkg/bcp47/iana.go:208.60,211.2 2 0
github.com/fgv-vis/fgv/go/ts-bcp47/pkg/bcp47/iana.go:214.59,217.2 2 0
github.com/fgv-vis/fgv/go/ts-bcp47/pkg/bcp47/iana.go:220.58,223.2 2 0
github.com/fgv-vis/fgv/go/ts-bcp47/pkg/bcp47/iana.go:226.58,229.2 2 0
github.com/fgv-vis/fgv/go/ts-bcp47/pkg/bcp47/iana.go:232.59,235.2 2 0
github.com/fgv-vis/fgv/go/ts-bcp47/pkg/bcp47/iana.go:238.62,241.2 2 0
github.com/fgv-vis/fgv/go/ts-bcp47/pkg/bcp47/iana.go:244.78,247.2 2 0
github.com/fgv-vis/fgv/go/ts-bcp47/pkg/bcp47/iana.go:250.76,253.2 2 0
github.com/fgv-vis/fgv/go/ts-bcp47/pkg/bcp47/iana.go:256.74,259.2 2 0
github.com/fgv-vis/fgv/go/ts-bcp47/pkg/bcp47/iana.go:262.74,265.2 2 0
github.com/fgv-vis/fgv/go/ts-bcp47/pkg/bcp47/iana.go:268.76,271.2 2 0
github.com/fgv-vis/fgv/go/ts-bcp47/pkg/bcp47/iana.go:274.85,277.2 2 0
github.com/fgv-vis/fgv/go/ts-bcp47/pkg/bcp47/iana.go:280.97,281.35 1 0
github.com/fgv-vis/fgv/go/ts-bcp47/pkg/bcp47/iana.go:281.35,283.14 2 0
github.com/fgv-vis/fgv/go/ts-bcp47/pkg/bcp47/iana.go:283.14,284.12 1 0
github.com/fgv-vis/fgv/go/ts-bcp47/pkg/bcp47/iana.go:287.3,287.28 1 0
github.com/fgv-vis/fgv/go/ts-bcp47/pkg/bcp47/iana.go:287.28,289.40 2 0
github.com/fgv-vis/fgv/go/ts-bcp47/pkg/bcp47/iana.go:289.40,290.68 1 0
github.com/fgv-vis/fgv/go/ts-bcp47/pkg/bcp47/iana.go:290.68,292.11 2 0
github.com/fgv-vis/fgv/go/ts-bcp47/pkg/bcp47/iana.go:295.4,295.20 1 0
github.com/fgv-vis/fgv/go/ts-bcp47/pkg/bcp47/iana.go:295.20,297.5 1 0
github.com/fgv-vis/fgv/go/ts-bcp47/pkg/bcp47/iana.go:300.2,300.12 1 0
github.com/fgv-vis/fgv/go/ts-bcp47/pkg/bcp47/iana.go:304.113,305.35 1 0
github.com/fgv-vis/fgv/go/ts-bcp47/pkg/bcp47/iana.go:305.35,307.14 2 0
github.com/fgv-vis/fgv/go/ts-bcp47/pkg/bcp47/iana.go:307.14,308.12 1 0
github.com/fgv-vis/fgv/go/ts-bcp47/pkg/bcp47/iana.go:311.3,311.28 1 0
github.com/fgv-vis/fgv/go/ts-bcp47/pkg/bcp47/iana.go:311.28,313.40 2 0
github.com/fgv-vis/fgv/go/ts-bcp47/pkg/bcp47/iana.go:313.40,315.65 1 0
github.com/fgv-vis/fgv/go/ts-bcp47/pkg/bcp47/iana.go:315.65,317.11 2 0
github.com/fgv-vis/fgv/go/ts-bcp47/pkg/bcp47/iana.go:320.4,320.20 1 0
github.com/fgv-vis/fgv/go/ts-bcp47/pkg/bcp47/iana.go:320.20,322.5 1 0
github.com/fgv-vis/fgv/go/ts-bcp47/pkg/bcp47/iana.go:325.2,325.12 1 0
github.com/fgv-vis/fgv/go/ts-bcp47/pkg/bcp47/iana.go:329.91,331.21 2 0
github.com/fgv-vis/fgv/go/ts-bcp47/pkg/bcp47/iana.go:331.21,333.3 1 0
github.com/fgv-vis/fgv/go/ts-bcp47/pkg/bcp47/iana.go:336.2,336.67 1 0
github.com/fgv-vis/fgv/go/ts-bcp47/pkg/bcp47/iana.go:336.67,338.3 1 0
github.com/fgv-vis/fgv/go/ts-bcp47/pkg/bcp47/iana.go:341.2,341.34 1 0
github.com/fgv-vis/fgv/go/ts-bcp47/pkg/bcp47/iana.go:341.34,345.73 2 0
github.com/fgv-vis/fgv/go/ts-bcp47/pkg/bcp47/iana.go:345.73,346.12 1 0
github.com/fgv-vis/fgv/go/ts-bcp47/pkg/bcp47/iana.go:350.3,350.93 1 0
github.com/fgv-vis/fgv/go/ts-bcp47/pkg/bcp47/iana.go:350.93,351.12 1 0
github.com/fgv-vis/fgv/go/ts-bcp47/pkg/bcp47/iana.go:355.3,355.15 1 0
github.com/fgv-vis/fgv/go/ts-bcp47/pkg/bcp47/iana.go:358.2,358.13 1 0
github.com/fgv-vis/fgv/go/ts-bcp47/pkg/bcp47/matcher.go:14.48,18.2 1 1
github.com/fgv-vis/fgv/go/ts-bcp47/pkg/bcp47/matcher.go:22.77,24.50 1 1
github.com/fgv-vis/fgv/go/ts-bcp47/pkg/bcp47/matcher.go:24.50,25.44 1 1
github.com/fgv-vis/fgv/go/ts-bcp47/pkg/bcp47/matcher.go:25.44,27.4 1 1
github.com/fgv-vis/fgv/go/ts-bcp47/pkg/bcp47/matcher.go:28.3,28.24 1 1
github.com/fgv-vis/fgv/go/ts-bcp47/pkg/bcp47/matcher.go:32.2,32.78 1 1
github.com/fgv-vis/fgv/go/ts-bcp47/pkg/bcp47/matcher.go:32.78,33.44 1 0
github.com/fgv-vis/fgv/go/ts-bcp47/pkg/bcp47/matcher.go:33.44,35.4 1 0
github.com/fgv-vis/fgv/go/ts-bcp47/pkg/bcp47/matcher.go:36.3,36.24 1 0
github.com/fgv-vis/fgv/go/ts-bcp47/pkg/bcp47/matcher.go:40.2,43.30 2 1
github.com/fgv-vis/fgv/go/ts-bcp47/pkg/bcp47/matcher.go:43.30,45.3 1 1
github.com/fgv-vis/fgv/go/ts-bcp47/pkg/bcp47/matcher.go:47.2,47.30 1 1
github.com/fgv-vis/fgv/go/ts-bcp47/pkg/bcp47/matcher.go:47.30,49.3 1 1
github.com/fgv-vis/fgv/go/ts-bcp47/pkg/bcp47/matcher.go:51.2,51.30 1 1
github.com/fgv-vis/fgv/go/ts-bcp47/pkg/bcp47/matcher.go:51.30,53.3 1 1
github.com/fgv-vis/fgv/go/ts-bcp47/pkg/bcp47/matcher.go:55.2,55.30 1 1
github.com/fgv-vis/fgv/go/ts-bcp47/pkg/bcp47/matcher.go:55.30,57.3 1 1
github.com/fgv-vis/fgv/go/ts-bcp47/pkg/bcp47/matcher.go:59.2,59.30 1 1
github.com/fgv-vis/fgv/go/ts-bcp47/pkg/bcp47/matcher.go:59.30,61.3 1 1
github.com/fgv-vis/fgv/go/ts-bcp47/pkg/bcp47/matcher.go:63.2,63.30 1 1
github.com/fgv-vis/fgv/go/ts-bcp47/pkg/bcp47/matcher.go:63.30,65.3 1 1
github.com/fgv-vis/fgv/go/ts-bcp47/pkg/bcp47/matcher.go:67.2,67.16 1 1
github.com/fgv-vis/fgv/go/ts-bcp47/pkg/bcp47/matcher.go:71.92,75.20 3 1
github.com/fgv-vis/fgv/go/ts-bcp47/pkg/bcp47/matcher.go:75.20,77.3 1 1
github.com/fgv-vis/fgv/go/ts-bcp47/pkg/bcp47/matcher.go:80.2,80.48 1 1
github.com/fgv-vis/fgv/go/ts-bcp47/pkg/bcp47/matcher.go:80.48,82.3 1 1
github.com/fgv-vis/fgv/go/ts-bcp47/pkg/bcp47/matcher.go:86.2,86.23 1 1
github.com/fgv-vis/fgv/go/ts-bcp47/pkg/bcp47/matcher.go:90.84,95.38 3 1
github.com/fgv-vis/fgv/go/ts-bcp47/pkg/bcp47/matcher.go:95.38,97.3 1 0
github.com/fgv-vis/fgv/go/ts-bcp47/pkg/bcp47/matcher.go:100.2,100.38 1 1
github.com/fgv-vis/fgv/go/ts-bcp47/pkg/bcp47/matcher.go:100.38,101.69 1 0
github.com/fgv-vis/fgv/go/ts-bcp47/pkg/bcp47/matcher.go:101.69,103.4 1 0
github.com/fgv-vis/fgv/go/ts-bcp47/pkg/bcp47/matcher.go:106.2,106.24 1 1
github.com/fgv-vis/fgv/go/ts-bcp47/pkg/bcp47/matcher.go:110.83,115.36 3 1
github.com/fgv-vis/fgv/go/ts-bcp47/pkg/bcp47/matcher.go:115.36,116.42 1 1
github.com/fgv-vis/fgv/go/ts-bcp47/pkg/bcp47/matcher.go:116.42,118.4 1 1
github.com/fgv-vis/fgv/go/ts-bcp47/pkg/bcp47/matcher.go:119.3,119.24 1 1
github.com/fgv-vis/fgv/go/ts-bcp47/pkg/bcp47/matcher.go:126.2,126.24 1 1
github.com/fgv-vis/fgv/go/ts-bcp47/pkg/bcp47/matcher.go:130.83,135.36 3 1
github.com/fgv-vis/fgv/go/ts-bcp47/pkg/bcp47/matcher.go:135.36,136.42 1 1
github.com/fgv-vis/fgv/go/ts-bcp47/pkg/bcp47/matcher.go:136.42,138.4 1 1
github.com/fgv-vis/fgv/go/ts-bcp47/pkg/bcp47/matcher.go:141.3,141.46 1 1
github.com/fgv-vis/fgv/go/ts-bcp47/pkg/bcp47/matcher.go:141.46,143.4 1 1
github.com/fgv-vis/fgv/go/ts-bcp47/pkg/bcp47/matcher.go:146.3,146.45 1 1
github.com/fgv-vis/fgv/go/ts-bcp47/pkg/bcp47/matcher.go:146.45,148.4 1 1
github.com/fgv-vis/fgv/go/ts-bcp47/pkg/bcp47/matcher.go:150.3,150.24 1 1
github.com/fgv-vis/fgv/go/ts-bcp47/pkg/bcp47/matcher.go:154.2,154.40 1 1
github.com/fgv-vis/fgv/go/ts-bcp47/pkg/bcp47/matcher.go:154.40,156.3 1 1
github.com/fgv-vis/fgv/go/ts-bcp47/pkg/bcp47/matcher.go:159.2,159.24 1 1
github.com/fgv-vis/fgv/go/ts-bcp47/pkg/bcp47/matcher.go:163.85,168.48 3 1
github.com/fgv-vis/fgv/go/ts-bcp47/pkg/bcp47/matcher.go:168.48,170.3 1 1
github.com/fgv-vis/fgv/go/ts-bcp47/pkg/bcp47/matcher.go:173.2,173.48 1 1
github.com/fgv-vis/fgv/go/ts-bcp47/pkg/bcp47/matcher.go:173.48,175.3 1 1
github.com/fgv-vis/fgv/go/ts-bcp47/pkg/bcp47/matcher.go:178.2,178.38 1 0
github.com/fgv-vis/fgv/go/ts-bcp47/pkg/bcp47/matcher.go:178.38,180.3 1 0
github.com/fgv-vis/fgv/go/ts-bcp47/pkg/bcp47/matcher.go:183.2,184.30 2 0
github.com/fgv-vis/fgv/go/ts-bcp47/pkg/bcp47/matcher.go:184.30,186.3 1 0
github.com/fgv-vis/fgv/go/ts-bcp47/pkg/bcp47/matcher.go:188.2,189.30 2 0
github.com/fgv-vis/fgv/go/ts-bcp47/pkg/bcp47/matcher.go:189.30,191.3 1 0
github.com/fgv-vis/fgv/go/ts-bcp47/pkg/bcp47/matcher.go:194.2,194.28 1 0
github.com/fgv-vis/fgv/go/ts-bcp47/pkg/bcp47/matcher.go:194.28,196.3 1 0
github.com/fgv-vis/fgv/go/ts-bcp47/pkg/bcp47/matcher.go:198.2,198.22 1 0
github.com/fgv-vis/fgv/go/ts-bcp47/pkg/bcp47/matcher.go:198.22,199.15 1 0
github.com/fgv-vis/fgv/go/ts-bcp47/pkg/bcp47/matcher.go:199.15,201.4 1 0
github.com/fgv-vis/fgv/go/ts-bcp47/pkg/bcp47/matcher.go:204.2,204.24 1 0
github.com/fgv-vis/fgv/go/ts-bcp47/pkg/bcp47/matcher.go:208.87,213.38 3 1
github.com/fgv-vis/fgv/go/ts-bcp47/pkg/bcp47/matcher.go:213.38,215.3 1 1
github.com/fgv-vis/fgv/go/ts-bcp47/pkg/bcp47/matcher.go:218.2,218.38 1 1
github.com/fgv-vis/fgv/go/ts-bcp47/pkg/bcp47/matcher.go:218.38,221.3 2 1
github.com/fgv-vis/fgv/go/ts-bcp47/pkg/bcp47/matcher.go:224.2,228.30 3 0
github.com/fgv-vis/fgv/go/ts-bcp47/pkg/bcp47/matcher.go:228.30,230.3 1 0
github.com/fgv-vis/fgv/go/ts-bcp47/pkg/bcp47/matcher.go:231.2,231.30 1 0
github.com/fgv-vis/fgv/go/ts-bcp47/pkg/bcp47/matcher.go:231.30,233.3 1 0
github.com/fgv-vis/fgv/go/ts-bcp47/pkg/bcp47/matcher.go:236.2,236.39 1 0
github.com/fgv-vis/fgv/go/ts-bcp47/pkg/bcp47/matcher.go:236.39,240.27 3 0
github.com/fgv-vis/fgv/go/ts-bcp47/pkg/bcp47/matcher.go:240.27,243.12 2 0
github.com/fgv-vis/fgv/go/ts-bcp47/pkg/bcp47/matcher.go:247.3,247.45 1 0
github.com/fgv-vis/fgv/go/ts-bcp47/pkg/bcp47/matcher.go:247.45,249.4 1 0
github.com/fgv-vis/fgv/go/ts-bcp47/pkg/bcp47/matcher.go:252.2,253.15 2 0
github.com/fgv-vis/fgv/go/ts-bcp47/pkg/bcp47/matcher.go:253.15,255.3 1 0
github.com/fgv-vis/fgv/go/ts-bcp47/pkg/bcp47/matcher.go:257.2,257.31 1 0
github.com/fgv-vis/fgv/go/ts-bcp47/pkg/bcp47/matcher.go:261.87,266.46 3 1
github.com/fgv-vis/fgv/go/ts-bcp47/pkg/bcp47/matcher.go:266.46,268.3 1 1
github.com/fgv-vis/fgv/go/ts-bcp47/pkg/bcp47/matcher.go:271.2,271.46 1 1
github.com/fgv-vis/fgv/go/ts-bcp47/pkg/bcp47/matcher.go:271.46,274.3 2 1
github.com/fgv-vis/fgv/go/ts-bcp47/pkg/bcp47/matcher.go:277.2,277.43 1 0
github.com/fgv-vis/fgv/go/ts-bcp47/pkg/bcp47/matcher.go:277.43,279.3 1 0
github.com/fgv-vis/fgv/go/ts-bcp47/pkg/bcp47/matcher.go:282.2,284.15 3 0
github.com/fgv-vis/fgv/go/ts-bcp47/pkg/bcp47/matcher.go:284.15,286.3 1 0
github.com/fgv-vis/fgv/go/ts-bcp47/pkg/bcp47/matcher.go:288.2,288.31 1 0
github.com/fgv-vis/fgv/go/ts-bcp47/pkg/bcp47/matcher.go:292.79,303.56 2 1
github.com/fgv-vis/fgv/go/ts-bcp47/pkg/bcp47/matcher.go:303.56,304.37 1 1
github.com/fgv-vis/fgv/go/ts-bcp47/pkg/bcp47/matcher.go:304.37,305.43 1 1
github.com/fgv-vis/fgv/go/ts-bcp47/pkg/bcp47/matcher.go:305.43,307.5 1 1
github.com/fgv-vis/fgv/go/ts-bcp47/pkg/bcp47/matcher.go:312.2,312.56 1 1
github.com/fgv-vis/fgv/go/ts-bcp47/pkg/bcp47/matcher.go:312.56,313.37 1 1
github.com/fgv-vis/fgv/go/ts-bcp47/pkg/bcp47/matcher.go:313.37,314.43 1 1
github.com/fgv-vis/fgv/go/ts-bcp47/pkg/bcp47/matcher.go:314.43,316.5 1 1
github.com/fgv-vis/fgv/go/ts-bcp47/pkg/bcp47/matcher.go:320.2,320.14 1 1
github.com/fgv-vis/fgv/go/ts-bcp47/pkg/bcp47/matcher.go:324.78,336.39 2 1
github.com/fgv-vis/fgv/go/ts-bcp47/pkg/bcp47/matcher.go:336.39,338.34 2 1
github.com/fgv-vis/fgv/go/ts-bcp47/pkg/bcp47/matcher.go:338.34,339.42 1 1
github.com/fgv-vis/fgv/go/ts-bcp47/pkg/bcp47/matcher.go:339.42,341.5 1 1
github.com/fgv-vis/fgv/go/ts-bcp47/pkg/bcp47/matcher.go:342.4,342.42 1 1
github.com/fgv-vis/fgv/go/ts-bcp47/pkg/bcp47/matcher.go:342.42,344.5 1 1
github.com/fgv-vis/fgv/go/ts-bcp47/pkg/bcp47/matcher.go:346.3,346.23 1 1
github.com/fgv-vis/fgv/go/ts-bcp47/pkg/bcp47/matcher.go:346.23,348.4 1 1
github.com/fgv-vis/fgv/go/ts-bcp47/pkg/bcp47/matcher.go:351.2,351.14 1 1
github.com/fgv-vis/fgv/go/ts-bcp47/pkg/bcp47/matcher.go:357.44,358.22 1 0
github.com/fgv-vis/fgv/go/ts-bcp47/pkg/bcp47/matcher.go:358.22,360.3 1 0
github.com/fgv-vis/fgv/go/ts-bcp47/pkg/bcp47/matcher.go:363.2,364.22 2 0
github.com/fgv-vis/fgv/go/ts-bcp47/pkg/bcp47/matcher.go:364.22,366.3 1 0
github.com/fgv-vis/fgv/go/ts-bcp47/pkg/bcp47/matcher.go:368.2,369.22 2 0
github.com/fgv-vis/fgv/go/ts-bcp47/pkg/bcp47/matcher.go:369.22,371.3 1 0
github.com/fgv-vis/fgv/go/ts-bcp47/pkg/bcp47/matcher.go:374.2,374.22 1 0
github.com/fgv-vis/fgv/go/ts-bcp47/pkg/bcp47/matcher.go:374.22,375.15 1 0
github.com/fgv-vis/fgv/go/ts-bcp47/pkg/bcp47/matcher.go:375.15,377.4 1 0
github.com/fgv-vis/fgv/go/ts-bcp47/pkg/bcp47/matcher.go:380.2,380.13 1 0
github.com/fgv-vis/fgv/go/ts-bcp47/pkg/bcp47/matcher.go:384.24,385.11 1 1
github.com/fgv-vis/fgv/go/ts-bcp47/pkg/bcp47/matcher.go:385.11,387.3 1 1
github.com/fgv-vis/fgv/go/ts-bcp47/pkg/bcp47/matcher.go:388.2,388.10 1 0
github.com/fgv-vis/fgv/go/ts-bcp47/pkg/bcp47/parser.go:104.68,105.15 1 1
github.com/fgv-vis/fgv/go/ts-bcp47/pkg/bcp47/parser.go:105.15,107.3 1 1
github.com/fgv-vis/fgv/go/ts-bcp47/pkg/bcp47/parser.go:110.2,114.56 3 1
github.com/fgv-vis/fgv/go/ts-bcp47/pkg/bcp47/parser.go:114.56,116.3 1 0
github.com/fgv-vis/fgv/go/ts-bcp47/pkg/bcp47/parser.go:119.2,119.39 1 1
github.com/fgv-vis/fgv/go/ts-bcp47/pkg/bcp47/parser.go:119.39,121.3 1 1
github.com/fgv-vis/fgv/go/ts-bcp47/pkg/bcp47/parser.go:124.2,125.38 2 1
github.com/fgv-vis/fgv/go/ts-bcp47/pkg/bcp47/parser.go:125.38,137.3 1 1
github.com/fgv-vis/fgv/go/ts-bcp47/pkg/bcp47/parser.go:140.2,147.16 3 1
github.com/fgv-vis/fgv/go/ts-bcp47/pkg/bcp47/parser.go:147.16,149.3 1 1
github.com/fgv-vis/fgv/go/ts-bcp47/pkg/bcp47/parser.go:152.2,163.34 2 1
github.com/fgv-vis/fgv/go/ts-bcp47/pkg/bcp47/parser.go:163.34,165.17 2 1
github.com/fgv-vis/fgv/go/ts-bcp47/pkg/bcp47/parser.go:165.17,167.4 1 0
github.com/fgv-vis/fgv/go/ts-bcp47/pkg/bcp47/parser.go:171.2,171.34 1 1
github.com/fgv-vis/fgv/go/ts-bcp47/pkg/bcp47/parser.go:171.34,173.17 2 0
github.com/fgv-vis/fgv/go/ts-bcp47/pkg/bcp47/parser.go:173.17,175.4 1 0
github.com/fgv-vis/fgv/go/ts-bcp47/pkg/bcp47/parser.go:178.2,178.25 1 1
github.com/fgv-vis/fgv/go/ts-bcp47/pkg/bcp47/parser.go:182.32,183.32 1 1
github.com/fgv-vis/fgv/go/ts-bcp47/pkg/bcp47/parser.go:183.32,186.17 2 1
github.com/fgv-vis/fgv/go/ts-bcp47/pkg/bcp47/parser.go:186.17,188.4 1 1
github.com/fgv-vis/fgv/go/ts-bcp47/pkg/bcp47/parser.go:190.3,190.18 1 1
github.com/fgv-vis/fgv/go/ts-bcp47/pkg/bcp47/parser.go:191.22,192.48 1 1
github.com/fgv-vis/fgv/go/ts-bcp47/pkg/bcp47/parser.go:192.48,194.5 1 1
github.com/fgv-vis/fgv/go/ts-bcp47/pkg/bcp47/parser.go:195.21,196.47 1 1
github.com/fgv-vis/fgv/go/ts-bcp47/pkg/bcp47/parser.go:196.47,198.5 1 1
github.com/fgv-vis/fgv/go/ts-bcp47/pkg/bcp47/parser.go:199.20,200.46 1 0
github.com/fgv-vis/fgv/go/ts-bcp47/pkg/bcp47/parser.go:200.46,202.5 1 0
github.com/fgv-vis/fgv/go/ts-bcp47/pkg/bcp47/parser.go:203.20,204.46 1 1
github.com/fgv-vis/fgv/go/ts-bcp47/pkg/bcp47/parser.go:204.46,206.5 1 0
github.com/fgv-vis/fgv/go/ts-bcp47/pkg/bcp47/parser.go:207.21,208.47 1 1
github.com/fgv-vis/fgv/go/ts-bcp47/pkg/bcp47/parser.go:208.47,210.5 1 1
github.com/fgv-vis/fgv/go/ts-bcp47/pkg/bcp47/parser.go:211.23,212.49 1 1
github.com/fgv-vis/fgv/go/ts-bcp47/pkg/bcp47/parser.go:212.49,214.5 1 0
github.com/fgv-vis/fgv/go/ts-bcp47/pkg/bcp47/parser.go:215.24,216.50 1 1
github.com/fgv-vis/fgv/go/ts-bcp47/pkg/bcp47/parser.go:216.50,218.5 1 0
github.com/fgv-vis/fgv/go/ts-bcp47/pkg/bcp47/parser.go:219.11,220.80 1 0
github.com/fgv-vis/fgv/go/ts-bcp47/pkg/bcp47/parser.go:223.3,223.15 1 1
github.com/fgv-vis/fgv/go/ts-bcp47/pkg/bcp47/parser.go:226.2,226.12 1 1
github.com/fgv-vis/fgv/go/ts-bcp47/pkg/bcp47/parser.go:230.51,233.45 2 1
github.com/fgv-vis/fgv/go/ts-bcp47/pkg/bcp47/parser.go:233.45,235.3 1 1
github.com/fgv-vis/fgv/go/ts-bcp47/pkg/bcp47/parser.go:237.2,239.12 3 1
github.com/fgv-vis/fgv/go/ts-bcp47/pkg/bcp47/parser.go:243.50,248.84 2 1
github.com/fgv-vis/fgv/go/ts-bcp47/pkg/bcp47/parser.go:248.84,250.49 1 1
github.com/fgv-vis/fgv/go/ts-bcp47/pkg/bcp47/parser.go:250.49,252.42 1 0
github.com/fgv-vis/fgv/go/ts-bcp47/pkg/bcp47/parser.go:252.42,255.5 2 0
github.com/fgv-vis/fgv/go/ts-bcp47/pkg/bcp47/parser.go:256.9,259.79 1 1
github.com/fgv-vis/fgv/go/ts-bcp47/pkg/bcp47/parser.go:259.79,262.5 2 0
github.com/fgv-vis/fgv/go/ts-bcp47/pkg/bcp47/parser.go:267.2,268.28 2 1
github.com/fgv-vis/fgv/go/ts-bcp47/pkg/bcp47/parser.go:272.49,274.47 1 1
github.com/fgv-vis/fgv/go/ts-bcp47/pkg/bcp47/parser.go:274.47,279.3 3 1
github.com/fgv-vis/fgv/go/ts-bcp47/pkg/bcp47/parser.go:282.2,283.28 2 1
github.com/fgv-vis/fgv/go/ts-bcp47/pkg/bcp47/parser.go:287.49,289.50 1 1
github.com/fgv-vis/fgv/go/ts-bcp47/pkg/bcp47/parser.go:289.50,292.3 2 1
github.com/fgv-vis/fgv/go/ts-bcp47/pkg/bcp47/parser.go:294.2,297.20 2 1
github.com/fgv-vis/fgv/go/ts-bcp47/pkg/bcp47/parser.go:297.20,298.48 1 1
github.com/fgv-vis/fgv/go/ts-bcp47/pkg/bcp47/parser.go:298.48,300.54 1 1
github.com/fgv-vis/fgv/go/ts-bcp47/pkg/bcp47/parser.go:300.54,304.5 3 1
github.com/fgv-vis/fgv/go/ts-bcp47/pkg/bcp47/parser.go:308.3,308.41 1 1
github.com/fgv-vis/fgv/go/ts-bcp47/pkg/bcp47/parser.go:308.41,311.4 2 1
github.com/fgv-vis/fgv/go/ts-bcp47/pkg/bcp47/parser.go:315.2,315.52 1 1
github.com/fgv-vis/fgv/go/ts-bcp47/pkg/bcp47/parser.go:315.52,319.3 3 1
github.com/fgv-vis/fgv/go/ts-bcp47/pkg/bcp47/parser.go:322.2,322.38 1 1
github.com/fgv-vis/fgv/go/ts-bcp47/pkg/bcp47/parser.go:322.38,325.3 2 1
github.com/fgv-vis/fgv/go/ts-bcp47/pkg/bcp47/parser.go:328.2,328.72 1 1
github.com/fgv-vis/fgv/go/ts-bcp47/pkg/bcp47/parser.go:332.50,336.43 2 1
github.com/fgv-vis/fgv/go/ts-bcp47/pkg/bcp47/parser.go:336.43,338.47 1 1
github.com/fgv-vis/fgv/go/ts-bcp47/pkg/bcp47/parser.go:338.47,339.29 1 1
github.com/fgv-vis/fgv/go/ts-bcp47/pkg/bcp47/parser.go:339.29,341.5 1 1
github.com/fgv-vis/fgv/go/ts-bcp47/pkg/bcp47/parser.go:343.3,344.13 2 1
github.com/fgv-vis/fgv/go/ts-bcp47/pkg/bcp47/parser.go:348.2,348.58 1 1
github.com/fgv-vis/fgv/go/ts-bcp47/pkg/bcp47/parser.go:348.58,351.3 2 1
github.com/fgv-vis/fgv/go/ts-bcp47/pkg/bcp47/parser.go:354.2,354.50 1 1
github.com/fgv-vis/fgv/go/ts-bcp47/pkg/bcp47/parser.go:354.50,357.3 2 1
github.com/fgv-vis/fgv/go/ts-bcp47/pkg/bcp47/parser.go:359.2,359.72 1 1
github.com/fgv-vis/fgv/go/ts-bcp47/pkg/bcp47/parser.go:363.52,367.58 2 1
github.com/fgv-vis/fgv/go/ts-bcp47/pkg/bcp47/parser.go:367.58,369.39 1 1
github.com/fgv-vis/fgv/go/ts-bcp47/pkg/bcp47/parser.go:369.39,372.4 2 0
github.com/fgv-vis/fgv/go/ts-bcp47/pkg/bcp47/parser.go:375.3,375.34 1 1
github.com/fgv-vis/fgv/go/ts-bcp47/pkg/bcp47/parser.go:375.34,377.4 1 1
github.com/fgv-vis/fgv/go/ts-bcp47/pkg/bcp47/parser.go:379.3,379.59 1 1
github.com/fgv-vis/fgv/go/ts-bcp47/pkg/bcp47/parser.go:379.59,381.4 1 0
github.com/fgv-vis/fgv/go/ts-bcp47/pkg/bcp47/parser.go:383.3,385.13 3 1
github.com/fgv-vis/fgv/go/ts-bcp47/pkg/bcp47/parser.go:389.2,389.47 1 1
github.com/fgv-vis/fgv/go/ts-bcp47/pkg/bcp47/parser.go:389.47,391.3 1 0
github.com/fgv-vis/fgv/go/ts-bcp47/pkg/bcp47/parser.go:394.2,394.39 1 1
github.com/fgv-vis/fgv/go/ts-bcp47/pkg/bcp47/parser.go:394.39,396.3 1 1
github.com/fgv-vis/fgv/go/ts-bcp47/pkg/bcp47/parser.go:398.2,398.12 1 1
github.com/fgv-vis/fgv/go/ts-bcp47/pkg/bcp47/parser.go:402.53,404.50 1 1
github.com/fgv-vis/fgv/go/ts-bcp47/pkg/bcp47/parser.go:404.50,406.3 1 0
github.com/fgv-vis/fgv/go/ts-bcp47/pkg/bcp47/parser.go:408.2,410.47 2 1
github.com/fgv-vis/fgv/go/ts-bcp47/pkg/bcp47/parser.go:410.47,412.3 1 0
github.com/fgv-vis/fgv/go/ts-bcp47/pkg/bcp47/parser.go:414.2,415.12 2 1
github.com/fgv-vis/fgv/go/ts-bcp47/pkg/bcp47/parser.go:419.70,420.25 1 0
github.com/fgv-vis/fgv/go/ts-bcp47/pkg/bcp47/parser.go:420.25,422.3 1 0
github.com/fgv-vis/fgv/go/ts-bcp47/pkg/bcp47/parser.go:425.2,426.16 2 0
github.com/fgv-vis/fgv/go/ts-bcp47/pkg/bcp47/parser.go:426.16,428.3 1 0
github.com/fgv-vis/fgv/go/ts-bcp47/pkg/bcp47/parser.go:431.2,431.25 1 0
github.com/fgv-vis/fgv/go/ts-bcp47/pkg/bcp47/parser.go:431.25,432.63 1 0
github.com/fgv-vis/fgv/go/ts-bcp47/pkg/bcp47/parser.go:432.63,434.30 2 0
github.com/fgv-vis/fgv/go/ts-bcp47/pkg/bcp47/parser.go:434.30,436.5 1 0
github.com/fgv-vis/fgv/go/ts-bcp47/pkg/bcp47/parser.go:437.4,437.14 1 0
github.com/fgv-vis/fgv/go/ts-bcp47/pkg/bcp47/parser.go:439.3,439.107 1 0
github.com/fgv-vis/fgv/go/ts-bcp47/pkg/bcp47/parser.go:443.2,443.39 1 0
github.com/fgv-vis/fgv/go/ts-bcp47/pkg/bcp47/parser.go:443.39,444.61 1 0
github.com/fgv-vis/fgv/go/ts-bcp47/pkg/bcp47/parser.go:444.61,446.4 1 0
github.com/fgv-vis/fgv/go/ts-bcp47/pkg/bcp47/parser.go:450.2,450.47 1 0
github.com/fgv-vis/fgv/go/ts-bcp47/pkg/bcp47/parser.go:450.47,451.40 1 0
github.com/fgv-vis/fgv/go/ts-bcp47/pkg/bcp47/parser.go:451.40,453.4 1 0
github.com/fgv-vis/fgv/go/ts-bcp47/pkg/bcp47/parser.go:457.2,457.30 1 0
github.com/fgv-vis/fgv/go/ts-bcp47/pkg/bcp47/parser.go:457.30,458.50 1 0
github.com/fgv-vis/fgv/go/ts-bcp47/pkg/bcp47/parser.go:458.50,460.4 1 0
github.com/fgv-vis/fgv/go/ts-bcp47/pkg/bcp47/parser.go:464.2,464.30 1 0
github.com/fgv-vis/fgv/go/ts-bcp47/pkg/bcp47/parser.go:464.30,465.50 1 0
github.com/fgv-vis/fgv/go/ts-bcp47/pkg/bcp47/parser.go:465.50,467.4 1 0
github.com/fgv-vis/fgv/go/ts-bcp47/pkg/bcp47/parser.go:471.2,471.47 1 0
github.com/fgv-vis/fgv/go/ts-bcp47/pkg/bcp47/parser.go:471.47,472.40 1 0
github.com/fgv-vis/fgv/go/ts-bcp47/pkg/bcp47/parser.go:472.40,474.4 1 0
github.com/fgv-vis/fgv/go/ts-bcp47/pkg/bcp47/parser.go:478.2,481.28 2 0
github.com/fgv-vis/fgv/go/ts-bcp47/pkg/bcp47/parser.go:481.28,483.36 1 0
github.com/fgv-vis/fgv/go/ts-bcp47/pkg/bcp47/parser.go:483.36,485.18 2 0
github.com/fgv-vis/fgv/go/ts-bcp47/pkg/bcp47/parser.go:485.18,487.5 1 0
github.com/fgv-vis/fgv/go/ts-bcp47/pkg/bcp47/parser.go:491.3,491.36 1 0
github.com/fgv-vis/fgv/go/ts-bcp47/pkg/bcp47/parser.go:491.36,493.18 2 0
github.com/fgv-vis/fgv/go/ts-bcp47/pkg/bcp47/parser.go:493.18,495.5 1 0
github.com/fgv-vis/fgv/go/ts-bcp47/pkg/bcp47/parser.go:498.3,498.31 1 0
github.com/fgv-vis/fgv/go/ts-bcp47/pkg/bcp47/parser.go:501.2,501.12 1 0
github.com/fgv-vis/fgv/go/ts-bcp47/pkg/bcp47/parser.go:505.76,509.24 1 1
github.com/fgv-vis/fgv/go/ts-bcp47/pkg/bcp47/parser.go:509.24,511.40 1 1
github.com/fgv-vis/fgv/go/ts-bcp47/pkg/bcp47/parser.go:511.40,513.4 1 1
github.com/fgv-vis/fgv/go/ts-bcp47/pkg/bcp47/parser.go:515.3,515.48 1 1
github.com/fgv-vis/fgv/go/ts-bcp47/pkg/bcp47/parser.go:515.48,517.4 1 0
github.com/fgv-vis/fgv/go/ts-bcp47/pkg/bcp47/parser.go:519.3,519.31 1 1
github.com/fgv-vis/fgv/go/ts-bcp47/pkg/bcp47/parser.go:519.31,522.23 2 1
github.com/fgv-vis/fgv/go/ts-bcp47/pkg/bcp47/parser.go:522.23,524.5 1 1
github.com/fgv-vis/fgv/go/ts-bcp47/pkg/bcp47/parser.go:527.3,527.31 1 1
github.com/fgv-vis/fgv/go/ts-bcp47/pkg/bcp47/parser.go:527.31,530.4 1 1
github.com/fgv-vis/fgv/go/ts-bcp47/pkg/bcp47/parser.go:532.3,532.48 1 1
github.com/fgv-vis/fgv/go/ts-bcp47/pkg/bcp47/parser.go:532.48,534.4 1 1
github.com/fgv-vis/fgv/go/ts-bcp47/pkg/bcp47/parser.go:537.3,537.41 1 1
github.com/fgv-vis/fgv/go/ts-bcp47/pkg/bcp47/parser.go:540.2,540.24 1 1
github.com/fgv-vis/fgv/go/ts-bcp47/pkg/bcp47/parser.go:540.25,542.3 0 0
github.com/fgv-vis/fgv/go/ts-bcp47/pkg/bcp47/parser.go:544.2,545.12 2 1
github.com/fgv-vis/fgv/go/ts-bcp47/pkg/bcp47/similarity.go:58.42,59.11 1 1
github.com/fgv-vis/fgv/go/ts-bcp47/pkg/bcp47/similarity.go:60.23,61.17 1 1
github.com/fgv-vis/fgv/go/ts-bcp47/pkg/bcp47/similarity.go:62.25,63.19 1 0
github.com/fgv-vis/fgv/go/ts-bcp47/pkg/bcp47/similarity.go:64.24,65.18 1 1
github.com/fgv-vis/fgv/go/ts-bcp47/pkg/bcp47/similarity.go:66.29,67.23 1 0
github.com/fgv-vis/fgv/go/ts-bcp47/pkg/bcp47/similarity.go:68.31,69.25 1 1
github.com/fgv-vis/fgv/go/ts-bcp47/pkg/bcp47/similarity.go:70.35,71.29 1 0
github.com/fgv-vis/fgv/go/ts-bcp47/pkg/bcp47/similarity.go:72.26,73.20 1 0
github.com/fgv-vis/fgv/go/ts-bcp47/pkg/bcp47/similarity.go:74.33,75.27 1 0
github.com/fgv-vis/fgv/go/ts-bcp47/pkg/bcp47/similarity.go:76.25,77.19 1 0
github.com/fgv-vis/fgv/go/ts-bcp47/pkg/bcp47/similarity.go:78.30,79.24 1 0
github.com/fgv-vis/fgv/go/ts-bcp47/pkg/bcp47/similarity.go:80.22,81.16 1 0
github.com/fgv-vis/fgv/go/ts-bcp47/pkg/bcp47/similarity.go:82.10,83.26 1 1
github.com/fgv-vis/fgv/go/ts-bcp47/pkg/bcp47/similarity.go:83.26,85.4 1 0
github.com/fgv-vis/fgv/go/ts-bcp47/pkg/bcp47/similarity.go:85.9,85.32 1 1
github.com/fgv-vis/fgv/go/ts-bcp47/pkg/bcp47/similarity.go:85.32,87.4 1 1
github.com/fgv-vis/fgv/go/ts-bcp47/pkg/bcp47/similarity.go:88.3,88.16 1 0
github.com/fgv-vis/fgv/go/ts-bcp47/pkg/bcp47/similarity.go:93.41,95.2 1 0
github.com/fgv-vis/fgv/go/ts-bcp47/pkg/bcp47/similarity.go:98.41,100.2 1 0
github.com/fgv-vis/fgv/go/ts-bcp47/pkg/bcp47/similarity.go:103.43,104.9 1 0
github.com/fgv-vis/fgv/go/ts-bcp47/pkg/bcp47/similarity.go:105.28,106.21 1 0
github.com/fgv-vis/fgv/go/ts-bcp47/pkg/bcp47/similarity.go:107.30,108.21 1 0
github.com/fgv-vis/fgv/go/ts-bcp47/pkg/bcp47/similarity.go:109.29,110.16 1 0
github.com/fgv-vis/fgv/go/ts-bcp47/pkg/bcp47/similarity.go:111.34,112.16 1 0
github.com/fgv-vis/fgv/go/ts-bcp47/pkg/bcp47/similarity.go:113.36,114.20 1 0
github.com/fgv-vis/fgv/go/ts-bcp47/pkg/bcp47/similarity.go:115.26,116.16 1 0
github.com/fgv-vis/fgv/go/ts-bcp47/pkg/bcp47/similarity.go:117.10,118.16 1 0
github.com/fgv-vis/fgv/go/ts-bcp47/pkg/bcp47/similarity.go:123.48,124.11 1 1
github.com/fgv-vis/fgv/go/ts-bcp47/pkg/bcp47/similarity.go:124.11,126.3 1 1
github.com/fgv-vis/fgv/go/ts-bcp47/pkg/bcp47/similarity.go:127.2,127.10 1 1
github.com/fgv-vis/fgv/go/ts-bcp47/pkg/bcp47/similarity.go:131.48,132.11 1 0
github.com/fgv-vis/fgv/go/ts-bcp47/pkg/bcp47/similarity.go:132.11,134.3 1 0
github.com/fgv-vis/fgv/go/ts-bcp47/pkg/bcp47/similarity.go:135.2,135.10 1 0
github.com/fgv-vis/fgv/go/ts-bcp47/pkg/bcp47/similarity.go:176.39,178.2 1 0
github.com/fgv-vis/fgv/go/ts-bcp47/pkg/bcp47/similarity.go:181.39,183.2 1 0
github.com/fgv-vis/fgv/go/ts-bcp47/pkg/bcp47/similarity.go:186.41,188.2 1 0
github.com/fgv-vis/fgv/go/ts-bcp47/pkg/bcp47/types.go:77.39,78.12 1 0
github.com/fgv-vis/fgv/go/ts-bcp47/pkg/bcp47/types.go:79.18,80.22 1 0
github.com/fgv-vis/fgv/go/ts-bcp47/pkg/bcp47/types.go:81.13,82.17 1 0
github.com/fgv-vis/fgv/go/ts-bcp47/pkg/bcp47/types.go:83.21,84.25 1 0
github.com/fgv-vis/fgv/go/ts-bcp47/pkg/bcp47/types.go:85.10,86.19 1 0
github.com/fgv-vis/fgv/go/ts-bcp47/pkg/bcp47/types.go:106.44,107.12 1 0
github.com/fgv-vis/fgv/go/ts-bcp47/pkg/bcp47/types.go:108.12,109.16 1 0
github.com/fgv-vis/fgv/go/ts-bcp47/pkg/bcp47/types.go:110.17,111.21 1 0
github.com/fgv-vis/fgv/go/ts-bcp47/pkg/bcp47/types.go:112.17,113.21 1 0
github.com/fgv-vis/fgv/go/ts-bcp47/pkg/bcp47/types.go:114.10,115.19 1 0
github.com/fgv-vis/fgv/go/ts-bcp47/pkg/bcp47/types.go:130.48,131.25 1 1
github.com/fgv-vis/fgv/go/ts-bcp47/pkg/bcp47/types.go:131.25,133.3 1 1
github.com/fgv-vis/fgv/go/ts-bcp47/pkg/bcp47/types.go:137.63,138.25 1 1
github.com/fgv-vis/fgv/go/ts-bcp47/pkg/bcp47/types.go:138.25,140.3 1 1
github.com/fgv-vis/fgv/go/ts-bcp47/pkg/bcp47/types.go:144.30,149.2 1 1
github.com/fgv-vis/fgv/go/ts-bcp47/pkg/bcp47/types.go:152.54,153.33 1 1
github.com/fgv-vis/fgv/go/ts-bcp47/pkg/bcp47/types.go:153.33,155.3 1 1
github.com/fgv-vis/fgv/go/ts-bcp47/pkg/bcp47/types.go:159.40,161.2 1 1
github.com/fgv-vis/fgv/go/ts-bcp47/pkg/bcp47/types.go:164.39,166.2 1 0
github.com/fgv-vis/fgv/go/ts-bcp47/pkg/bcp47/types.go:169.47,171.2 1 0
github.com/fgv-vis/fgv/go/ts-bcp47/pkg/bcp47/types.go:174.50,176.2 1 0
github.com/fgv-vis/fgv/go/ts-bcp47/pkg/bcp47/types.go:179.60,181.2 1 0
github.com/fgv-vis/fgv/go/ts-bcp47/pkg/bcp47/types.go:185.46,186.33 1 1
github.com/fgv-vis/fgv/go/ts-bcp47/pkg/bcp47/types.go:186.33,188.3 1 1
github.com/fgv-vis/fgv/go/ts-bcp47/pkg/bcp47/types.go:190.2,193.35 2 1
github.com/fgv-vis/fgv/go/ts-bcp47/pkg/bcp47/types.go:193.35,195.3 1 1
github.com/fgv-vis/fgv/go/ts-bcp47/pkg/bcp47/types.go:198.2,198.43 1 1
github.com/fgv-vis/fgv/go/ts-bcp47/pkg/bcp47/types.go:198.43,200.3 1 0
github.com/fgv-vis/fgv/go/ts-bcp47/pkg/bcp47/types.go:203.2,203.26 1 1
github.com/fgv-vis/fgv/go/ts-bcp47/pkg/bcp47/types.go:203.26,205.3 1 1
github.com/fgv-vis/fgv/go/ts-bcp47/pkg/bcp47/types.go:208.2,208.26 1 1
github.com/fgv-vis/fgv/go/ts-bcp47/pkg/bcp47/types.go:208.26,210.3 1 1
github.com/fgv-vis/fgv/go/ts-bcp47/pkg/bcp47/types.go:213.2,213.43 1 1
github.com/fgv-vis/fgv/go/ts-bcp47/pkg/bcp47/types.go:213.43,215.3 1 1
github.com/fgv-vis/fgv/go/ts-bcp47/pkg/bcp47/types.go:218.2,218.56 1 1
github.com/fgv-vis/fgv/go/ts-bcp47/pkg/bcp47/types.go:218.56,221.3 2 1
github.com/fgv-vis/fgv/go/ts-bcp47/pkg/bcp47/types.go:224.2,224.33 1 1
github.com/fgv-vis/fgv/go/ts-bcp47/pkg/bcp47/types.go:224.33,227.3 2 1
github.com/fgv-vis/fgv/go/ts-bcp47/pkg/bcp47/types.go:229.2,229.33 1 1
github.com/fgv-vis/fgv/go/ts-bcp47/pkg/bcp47/types.go:233.45,235.2 1 0
github.com/fgv-vis/fgv/go/ts-bcp47/pkg/bcp47/types.go:238.36,240.2 1 1
github.com/fgv-vis/fgv/go/ts-bcp47/pkg/bcp47/types.go:243.36,245.2 1 1
github.com/fgv-vis/fgv/go/ts-bcp47/pkg/bcp47/types.go:248.38,250.2 1 0
github.com/fgv-vis/fgv/go/ts-bcp47/pkg/bcp47/types.go:253.40,255.2 1 0
github.com/fgv-vis/fgv/go/ts-bcp47/pkg/bcp47/types.go:258.40,260.2 1 0
github.com/fgv-vis/fgv/go/ts-bcp47/pkg/bcp47/types.go:263.34,271.23 2 0
github.com/fgv-vis/fgv/go/ts-bcp47/pkg/bcp47/types.go:271.23,274.3 2 0
github.com/fgv-vis/fgv/go/ts-bcp47/pkg/bcp47/types.go:276.2,276.23 1 0
github.com/fgv-vis/fgv/go/ts-bcp47/pkg/bcp47/types.go:276.23,279.3 2 0
github.com/fgv-vis/fgv/go/ts-bcp47/pkg/bcp47/types.go:281.2,281.25 1 0
github.com/fgv-vis/fgv/go/ts-bcp47/pkg/bcp47/types.go:281.25,283.34 2 0
github.com/fgv-vis/fgv/go/ts-bcp47/pkg/bcp47/types.go:283.34,286.4 2 0
github.com/fgv-vis/fgv/go/ts-bcp47/pkg/bcp47/types.go:289.2,289.25 1 0
github.com/fgv-vis/fgv/go/ts-bcp47/pkg/bcp47/types.go:289.25,292.3 2 0
github.com/fgv-vis/fgv/go/ts-bcp47/pkg/bcp47/types.go:294.2,294.13 1 0
github.com/fgv-vis/fgv/go/ts-bcp47/pkg/bcp47/types.go:298.43,299.24 1 0
github.com/fgv-vis/fgv/go/ts-bcp47/pkg/bcp47/types.go:299.24,301.3 1 0
github.com/fgv-vis/fgv/go/ts-bcp47/pkg/bcp47/types.go:335.32,336.17 1 1
github.com/fgv-vis/fgv/go/ts-bcp47/pkg/bcp47/types.go:336.17,338.3 1 1
github.com/fgv-vis/fgv/go/ts-bcp47/pkg/bcp47/types.go:339.2,339.50 1 1
github.com/fgv-vis/fgv/go/ts-bcp47/pkg/bcp47/types.go:343.72,350.2 1 1
github.com/fgv-vis/fgv/go/ts-bcp47/pkg/bcp47/typescript-compat.go:10.63,12.2 1 0
github.com/fgv-vis/fgv/go/ts-bcp47/pkg/bcp47/typescript-compat.go:16.58,19.2 2 0
github.com/fgv-vis/fgv/go/ts-bcp47/pkg/bcp47/typescript-compat.go:22.85,24.2 1 0
github.com/fgv-vis/fgv/go/ts-bcp47/pkg/bcp47/typescript-compat.go:27.47,29.16 2 0
github.com/fgv-vis/fgv/go/ts-bcp47/pkg/bcp47/typescript-compat.go:29.16,31.3 1 0
github.com/fgv-vis/fgv/go/ts-bcp47/pkg/bcp47/typescript-compat.go:32.2,32.25 1 0
github.com/fgv-vis/fgv/go/ts-bcp47/pkg/bcp47/typescript-compat.go:42.82,45.17 2 0
github.com/fgv-vis/fgv/go/ts-bcp47/pkg/bcp47/typescript-compat.go:45.17,46.34 1 0
github.com/fgv-vis/fgv/go/ts-bcp47/pkg/bcp47/typescript-compat.go:46.34,48.4 1 0
github.com/fgv-vis/fgv/go/ts-bcp47/pkg/bcp47/typescript-compat.go:49.3,49.33 1 0
github.com/fgv-vis/fgv/go/ts-bcp47/pkg/bcp47/typescript-compat.go:49.33,51.4 1 0
github.com/fgv-vis/fgv/go/ts-bcp47/pkg/bcp47/typescript-compat.go:54.2,54.34 1 0
github.com/fgv-vis/fgv/go/ts-bcp47/pkg/bcp47/typescript-compat.go:60.54,62.2 1 0
github.com/fgv-vis/fgv/go/ts-bcp47/pkg/bcp47/typescript-compat.go:65.49,67.2 1 0
github.com/fgv-vis/fgv/go/ts-bcp47/pkg/bcp47/typescript-compat.go:70.57,72.2 1 0
github.com/fgv-vis/fgv/go/ts-bcp47/pkg/bcp47/typescript-compat.go:75.53,77.2 1 0
github.com/fgv-vis/fgv/go/ts-bcp47/pkg/bcp47/typescript-compat.go:80.53,82.2 1 0
github.com/fgv-vis/fgv/go/ts-bcp47/pkg/bcp47/typescript-compat.go:87.43,89.2 1 0
github.com/fgv-vis/fgv/go/ts-bcp47/pkg/bcp47/typescript-compat.go:92.38,94.2 1 0
github.com/fgv-vis/fgv/go/ts-bcp47/pkg/bcp47/typescript-compat.go:97.46,99.2 1 0
